[www.capturedimagess.com/index278d.html]
[backblue.gif]
[fade.gif]
[index.html]
[images.squarespace-cdn.com/content/61c90f76ff5f802020e2848e/0b90ae32-0137-41a0-8957-a8fa956878ae/IMG_9190ee8a.jpg]
[www.capturedimagess.com/index.html]
[assets.squarespace.com/@sqs/polyfiller/1.6/legacy.js]
[assets.squarespace.com/universal/scripts-compressed/extract-css-runtime-aaeecdd1d308ced5045f-min.en-US.js]
[assets.squarespace.com/@sqs/polyfiller/1.6/modern.js]
[assets.squarespace.com/universal/scripts-compressed/cldr-resource-pack-15305921bb94c505cd92-min.en-US.js]
[assets.squarespace.com/universal/scripts-compressed/common-vendors-stable-0f51b06fac4ba1f7c845-min.en-US.js]
[assets.squarespace.com/universal/scripts-compressed/extract-css-moment-js-vendor-6f117db4eb7fd4392375-min.en-US.js]
[assets.squarespace.com/universal/styles-compressed/commerce-2af06f7948db5477d8f5-min.en-US.css]
[assets.squarespace.com/universal/scripts-compressed/performance-913bcbeed974f8312785-min.en-US.js]
[static1.squarespace.com/static/versioned-site-css/61c90f76ff5f802020e2848e/27/5c5a519771c10ba3470d8101/61c90f76ff5f802020e284a7/1536/site.css]
[static1.squarespace.com/static/vta/5c5a519771c10ba3470d8101/versioned-assets/1718130742063-ZB0N0KP2JGXANVM5KICL/static.css]
[images.squarespace-cdn.com/content/v1/61c90f76ff5f802020e2848e/0b90ae32-0137-41a0-8957-a8fa956878ae/IMG_919026f7.jpg]
[www.capturedimagess.com/shop-1.html]
[www.capturedimagess.com/portfolio.html]
[assets.squarespace.com/universal/scripts-compressed/common-vendors-22a8af9f98427d8b9ace-min.en-US.js]
[www.capturedimagess.com/contact.html]
[www.capturedimagess.com/general-1.html]
[www.capturedimagess.com/cart.html]
[images.squarespace-cdn.com/content/v1/61c90f76ff5f802020e2848e/b5fb6296-c408-4c50-b434-baab8199d8cb/IMG_0486.jpg]
[images.squarespace-cdn.com/content/v1/61c90f76ff5f802020e2848e/af30581c-f121-4bb7-aeeb-5192cd1f9bbd/IMG_2980.jpg]
[assets.squarespace.com/universal/scripts-compressed/commerce-3332d9884f72bca61d7d-min.en-US.js]
[images.squarespace-cdn.com/content/v1/61c90f76ff5f802020e2848e/11ee74b3-a92c-4059-abb3-d40b7a57b42b/IMG_0405.jpg]
[assets.squarespace.com/universal/scripts-compressed/common-079a90221b3c03782641-min.en-US.js]
[images.squarespace-cdn.com/content/v1/61c90f76ff5f802020e2848e/dae154f9-c522-4957-a640-18c940d55e9b/SIX_CD87EBA7-1242-42BE-9926-6ADEED151534.jpg]
[images.squarespace-cdn.com/content/v1/61c90f76ff5f802020e2848e/ae188246-1118-40fd-8eff-6b08e7259cd9/IMG_0455.jpg]
[images.squarespace-cdn.com/content/v1/61c90f76ff5f802020e2848e/2cb915c9-3e30-4e4a-bbe4-f2d44729dcf6/IMG_0497.jpg]
[images.squarespace-cdn.com/content/v1/61c90f76ff5f802020e2848e/2e36762d-3465-4533-ab04-f36939cf09c1/IMG_7947.jpg]
[images.squarespace-cdn.com/content/v1/61c90f76ff5f802020e2848e/a65d6bd9-d4a5-462f-a4e1-caec791e9679/SIX_169225CE-7E5D-4DB3-A75C-5B272F0FB086.jpg]
[images.squarespace-cdn.com/content/v1/61c90f76ff5f802020e2848e/a4e6cea2-af4a-4403-88e8-270b29e8913f/IMG_6466.jpg]
[images.squarespace-cdn.com/content/v1/61c90f76ff5f802020e2848e/2864c5e6-51e2-4c09-9d84-9b90ce4cf450/IMG_0491.jpg]
[images.squarespace-cdn.com/content/v1/61c90f76ff5f802020e2848e/e0427173-db37-4022-b296-623308dde94b/IMG_4112.jpg]
[images.squarespace-cdn.com/content/v1/61c90f76ff5f802020e2848e/4df4c71c-99ea-4ab9-b3fb-48b5523d4332/IMG_9113.jpg]
[images.squarespace-cdn.com/content/v1/61c90f76ff5f802020e2848e/44fbcdd8-df4d-44be-a939-5a513b8967da/IMG_6901.jpg]
[images.squarespace-cdn.com/content/v1/61c90f76ff5f802020e2848e/56b850af-404e-442b-8723-19955724eec8/IMG_9105.jpg]
[images.squarespace-cdn.com/content/v1/61c90f76ff5f802020e2848e/dadb5529-af8d-4603-b147-cce4cf1a0e59/IMG_0847.jpg]
[images.squarespace-cdn.com/content/v1/61c90f76ff5f802020e2848e/d1351ed0-bbb2-4c0e-bc61-b65806a06115/IMG_0585.jpg]
[images.squarespace-cdn.com/content/v1/61c90f76ff5f802020e2848e/3e1626a4-736e-446e-a006-e324bd0e3611/IMG_8591-Edit.png]
[images.squarespace-cdn.com/content/v1/61c90f76ff5f802020e2848e/d83af946-3e54-4510-961d-0010ec5307e2/IMG_8670.jpg]
[images.squarespace-cdn.com/content/v1/61c90f76ff5f802020e2848e/90c6f53a-c37f-4557-accc-ac17df0bf483/IMG_3967.jpg]
[images.squarespace-cdn.com/content/v1/61c90f76ff5f802020e2848e/70516110-1ad5-44f1-a43c-06fb8845d569/IMG_8021.jpg]
[images.squarespace-cdn.com/content/v1/61c90f76ff5f802020e2848e/d0be1330-929b-49d7-bbf6-ad7bce9ffa48/A31A0073.jpg]
[images.squarespace-cdn.com/content/v1/61c90f76ff5f802020e2848e/77d987ef-c3cb-48b8-8633-01266453f148/IMG_0591.jpg]
[images.squarespace-cdn.com/content/v1/61c90f76ff5f802020e2848e/7e8de9c0-e061-4b0d-adad-d64d67926a02/IMG_9978.jpg]
[images.squarespace-cdn.com/content/v1/61c90f76ff5f802020e2848e/0fb0072d-3790-4e71-91db-983f8fd51dd6/IMG_7037.jpg]
[images.squarespace-cdn.com/content/v1/61c90f76ff5f802020e2848e/548e12f3-a580-46df-9577-96a23acba549/IMG_0572.jpg]
[images.squarespace-cdn.com/content/v1/61c90f76ff5f802020e2848e/61abfecc-ae76-455a-bce6-8ebecd1f3490/IMG_0175.jpg]
[images.squarespace-cdn.com/content/v1/61c90f76ff5f802020e2848e/4fd8bdb0-bf52-4b9b-beae-9b9352ac9aee/A31A0191.jpg]
[images.squarespace-cdn.com/content/v1/61c90f76ff5f802020e2848e/b71789bc-786c-43d7-a3b2-c4d8ee395e0e/IMG_3660.jpg]
[images.squarespace-cdn.com/content/v1/61c90f76ff5f802020e2848e/41eda11d-5eb3-41a9-aa5f-aecaa7bbc94d/IMG_3562.jpg]
[images.squarespace-cdn.com/content/v1/61c90f76ff5f802020e2848e/2ce785d3-ce25-45b3-9871-4ce2a74ff2b8/IMG_1906.jpg]
[images.squarespace-cdn.com/content/v1/61c90f76ff5f802020e2848e/9996c98d-b647-4de9-af25-6f4eaff05b6c/IMG_1967.jpg]
[images.squarespace-cdn.com/content/v1/61c90f76ff5f802020e2848e/2751d533-0890-4298-ac7d-1b95fe269f28/IMG_2650.jpg]
[images.squarespace-cdn.com/content/v1/61c90f76ff5f802020e2848e/7cc8e964-5e9a-47ef-a164-b14fe452bbf9/IMG_3092.jpg]
[images.squarespace-cdn.com/content/v1/61c90f76ff5f802020e2848e/f8cb6ed2-9270-4413-bb33-865b76c0dfbc/IMG_6369.jpg]
[images.squarespace-cdn.com/content/v1/61c90f76ff5f802020e2848e/875ad801-227f-4f22-9065-fc114523f952/IMG_3657.jpg]
[images.squarespace-cdn.com/content/v1/61c90f76ff5f802020e2848e/173aa4fd-bdbd-47da-8fac-244cec28833a/IMG_3675.jpg]
[images.squarespace-cdn.com/content/v1/61c90f76ff5f802020e2848e/120501a0-e27b-4c75-ae42-a9ef22bdc815/IMG_9887.jpg]
[images.squarespace-cdn.com/content/v1/61c90f76ff5f802020e2848e/64807510-a0d3-40a6-8221-1b992fe9c78a/FC_20211012_0168.jpg]
[images.squarespace-cdn.com/content/v1/61c90f76ff5f802020e2848e/b1726239-99c3-416b-9621-22c769a91f56/IMG_1707.jpg]
[images.squarespace-cdn.com/content/v1/61c90f76ff5f802020e2848e/cfe8b5ab-7de2-4c01-a83f-db2e10ecb9b5/IMG_1897.jpg]
[images.squarespace-cdn.com/content/v1/61c90f76ff5f802020e2848e/0d88b2c8-0e4c-406c-8e35-d14e504f80a4/IMG_6833.jpg]
[images.squarespace-cdn.com/content/v1/61c90f76ff5f802020e2848e/a0ad2ea3-82d2-44e5-8773-8c4614f28c43/IMG_0432.jpg]
[images.squarespace-cdn.com/content/v1/61c90f76ff5f802020e2848e/e60b39f9-4fd3-4691-8342-0f054ae9155a/IMG_9644.jpg]
[images.squarespace-cdn.com/content/v1/61c90f76ff5f802020e2848e/a2845407-eea0-42aa-877c-12283cfe22f0/IMG_1184.jpg]
[images.squarespace-cdn.com/content/v1/61c90f76ff5f802020e2848e/6b545677-41a0-4c74-be89-b1d492c05142/IMG_5756.jpg]
[images.squarespace-cdn.com/content/v1/61c90f76ff5f802020e2848e/25a231af-755f-4991-a210-54818e94e836/IMG_5800.jpg]
[images.squarespace-cdn.com/content/v1/61c90f76ff5f802020e2848e/e08a74ee-fa61-40fd-999b-f4f26e45b735/IMG_5913.jpg]
[images.squarespace-cdn.com/content/v1/61c90f76ff5f802020e2848e/45b6af96-a223-4473-bcb2-d62b66a387a7/IMG_5755.jpg]
[images.squarespace-cdn.com/content/v1/61c90f76ff5f802020e2848e/50003bb4-3759-45eb-bfad-e18b240321ed/IMG_6244.jpg]
[images.squarespace-cdn.com/content/v1/61c90f76ff5f802020e2848e/166d1b10-129e-4d6e-aed8-c90a4c8d32c7/IMG_8103.jpg]
[images.squarespace-cdn.com/content/v1/61c90f76ff5f802020e2848e/01786818-ce34-49a5-ad6e-2ec0bf521413/IMG_6253.jpg]
[images.squarespace-cdn.com/content/v1/61c90f76ff5f802020e2848e/bf7cb1c3-f713-47a8-9c88-2b245655641a/IMG_6726.jpg]
[images.squarespace-cdn.com/content/v1/61c90f76ff5f802020e2848e/2850f817-5fe8-45ff-9368-514e5fc33a5b/IMG_7152.jpg]
[images.squarespace-cdn.com/content/v1/61c90f76ff5f802020e2848e/6a296297-730a-4147-ac92-97160674a526/IMG_7478.jpg]
[images.squarespace-cdn.com/content/v1/61c90f76ff5f802020e2848e/71f26714-13d6-45e2-bcf2-866d26c423ca/IMG_7352.jpg]
[images.squarespace-cdn.com/content/v1/61c90f76ff5f802020e2848e/aa3f84ff-2fdd-44d9-b51e-192718028850/IMG_7844.jpg]
[images.squarespace-cdn.com/content/v1/61c90f76ff5f802020e2848e/1c934726-f9fc-4d6a-865e-4d53e47facc4/IMG_7788.jpg]
[images.squarespace-cdn.com/content/v1/61c90f76ff5f802020e2848e/4d7749b7-1ed5-4398-b2fc-45825ed9eee2/IMG_7659.jpg]
[images.squarespace-cdn.com/content/v1/61c90f76ff5f802020e2848e/693da347-1269-4598-b56d-32d3c62358dc/SIX_D06FD7CC-53E3-4E30-BF63-EC523D4B548B.png]
[images.squarespace-cdn.com/content/v1/61c90f76ff5f802020e2848e/925f1d6a-4722-4777-8748-1e36846b5017/SIX_3513291D-F83F-4D0B-9716-03ED2C89C32E.png]
[images.squarespace-cdn.com/content/v1/61c90f76ff5f802020e2848e/d9b4a9fe-73f5-46c9-8592-252bf118d559/SIX_DFB64A2E-C70F-4BC8-B49E-572CF00ED8A6.png]
[images.squarespace-cdn.com/content/v1/61c90f76ff5f802020e2848e/bb61d664-cd80-481f-a565-280ed66fc9d7/SIX_FEADEE49-5AE1-4BD3-8468-80B35849AF15.png]
[images.squarespace-cdn.com/content/v1/61c90f76ff5f802020e2848e/583d46a8-b928-484c-bb6b-30f4ff930861/IMG_6405.jpg]
[images.squarespace-cdn.com/content/v1/61c90f76ff5f802020e2848e/91097270-3a03-4b34-92f0-ae8e163ed9eb/IMG_8079-2.jpg]
[images.squarespace-cdn.com/content/v1/61c90f76ff5f802020e2848e/8f34f16a-3b68-409f-8393-1d6d535d74ae/IMG_8053.jpg]
[images.squarespace-cdn.com/content/v1/61c90f76ff5f802020e2848e/2112df3e-098b-4bad-ab95-b31bd3ce8c71/IMG_7902.jpg]
[images.squarespace-cdn.com/content/v1/61c90f76ff5f802020e2848e/5b07e5e8-e88f-4365-a394-f7800b10b1ff/IMG_7408.jpg]
[images.squarespace-cdn.com/content/v1/61c90f76ff5f802020e2848e/f6602804-03c6-4bb2-a6e8-407f8fef8e16/IMG_6982.jpg]
[images.squarespace-cdn.com/content/v1/61c90f76ff5f802020e2848e/ad8cad1d-8e50-4bb9-8185-cf383f5f1a42/2H0A3694.jpg]
[images.squarespace-cdn.com/content/v1/61c90f76ff5f802020e2848e/87435ee3-05dd-4a03-80e4-fbd96a17ce63/IMG_7937.jpg]
[images.squarespace-cdn.com/content/v1/61c90f76ff5f802020e2848e/39d5c02a-4477-442f-a08b-f5026fa604c7/IMG_7923.jpg]
[images.squarespace-cdn.com/content/v1/61c90f76ff5f802020e2848e/e31f746e-aa95-4fed-b74d-b83807b213da/IMG_7869.jpg]
[images.squarespace-cdn.com/content/v1/61c90f76ff5f802020e2848e/631664f8-e5da-4bbd-824f-443919a2a848/IMG_0539.jpg]
[images.squarespace-cdn.com/content/v1/61c90f76ff5f802020e2848e/48111470-157e-4cac-9759-a2ed80e673b9/IMG_0496.jpg]
[images.squarespace-cdn.com/content/v1/61c90f76ff5f802020e2848e/6fda241f-fc44-4b47-9937-9eaa50ccfa89/IMG_2667.jpg]
[images.squarespace-cdn.com/content/v1/61c90f76ff5f802020e2848e/f8ce2368-5440-4b56-a4ce-3eb2e7409c48/IMG_9591.jpg]
[images.squarespace-cdn.com/content/v1/61c90f76ff5f802020e2848e/61c9f80b-2065-4935-bc8d-565ede3f987a/IMG_2669.jpg]
[images.squarespace-cdn.com/content/v1/61c90f76ff5f802020e2848e/1b193cec-4440-4ec7-b669-f396aac37dd9/IMG_2676.jpg]
[images.squarespace-cdn.com/content/v1/61c90f76ff5f802020e2848e/524a491f-2f41-4f19-8e35-f110503d556f/IMG_9575.jpg]
[images.squarespace-cdn.com/content/v1/61c90f76ff5f802020e2848e/b6eb630f-a44f-4a6c-b3b9-1c2e4933a4b4/IMG_3979.jpg]
[images.squarespace-cdn.com/content/v1/61c90f76ff5f802020e2848e/a036731a-623d-4567-a6a7-219a1273ce5c/IMG_3959.jpg]
[images.squarespace-cdn.com/content/v1/61c90f76ff5f802020e2848e/07c87463-0dfa-4189-82fb-081bb9529b25/IMG_3985.jpg]
[images.squarespace-cdn.com/content/v1/61c90f76ff5f802020e2848e/52c41432-70d5-48b7-ae2a-3b7a1d893135/IMG_0489+2.jpg]
[images.squarespace-cdn.com/content/v1/61c90f76ff5f802020e2848e/c0c5bac9-9f91-432f-b098-ea2d349d070a/IMG_4273.jpg]
[images.squarespace-cdn.com/content/v1/61c90f76ff5f802020e2848e/dfa1ce0e-e4f6-420a-a6a4-212196df9d4e/2H0A3645.jpg]
[images.squarespace-cdn.com/content/v1/61c90f76ff5f802020e2848e/b2ff51cc-725e-4f7d-9822-4d1bfea5fdd0/IMG_4276.jpg]
[images.squarespace-cdn.com/content/v1/61c90f76ff5f802020e2848e/8c0b49af-de18-450c-bca1-8b20c7acbdec/IMG_4275.jpg]
[images.squarespace-cdn.com/content/v1/61c90f76ff5f802020e2848e/2c5e7632-d089-490a-9217-a886a643997a/IMG_4277.jpg]
[images.squarespace-cdn.com/content/v1/61c90f76ff5f802020e2848e/2d8043a7-e876-4997-92ea-4748084c3c16/IMG_0496.jpg]
[images.squarespace-cdn.com/content/v1/61c90f76ff5f802020e2848e/cb5a1f2a-ef82-4380-8d02-b30a88214a60/IMG_4054.jpg]
[images.squarespace-cdn.com/content/v1/61c90f76ff5f802020e2848e/8ad09163-9798-4b8e-9477-aa5ba38d0a29/IMG_8448.jpg]
[images.squarespace-cdn.com/content/v1/61c90f76ff5f802020e2848e/f6681b30-e3b2-466f-b9de-ca6d5baa7ccc/IMG_0494.jpg]
[images.squarespace-cdn.com/content/v1/61c90f76ff5f802020e2848e/2cdea606-92ed-459c-9c33-0809c29f7015/2H0A3700.jpg]
[images.squarespace-cdn.com/content/v1/61c90f76ff5f802020e2848e/a2d5e01d-e789-4f9f-a28a-3ff8073469bc/2H0A3716.jpg]
[images.squarespace-cdn.com/content/v1/61c90f76ff5f802020e2848e/657cbc49-bce7-4661-a072-036bbf15ae40/IMG_6958.jpg]
[images.squarespace-cdn.com/content/v1/61c90f76ff5f802020e2848e/ba68b207-d1fc-4988-a36d-2553932a1c23/IMG_1644.jpg]
[images.squarespace-cdn.com/content/v1/61c90f76ff5f802020e2848e/48301980-c517-4170-aa6d-6ffc7e2eca12/IMG_9013.jpg]
[images.squarespace-cdn.com/content/v1/61c90f76ff5f802020e2848e/088cce67-6241-4bc8-941f-827c36ef872b/2H0A8222.jpg]
[www.capturedimagess.com/index278d.html]
[www.capturedimagess.com/index.html]
[assets.squarespace.com/universal/images-v6/standard/icon_close_7_light.png]
[assets.squarespace.com/universal/styles-compressed/commerce-2af06f7948db5477d8f5-min.en-US.css]
[assets.squarespace.com/universal/images-v6/damask/error-dark.png]
[assets.squarespace.com/universal/images-v6/damask/error-dark@2x.png]
[assets.squarespace.com/universal/images-v6/damask/play-button.png]
[assets.squarespace.com/universal/images-v6/damask/play-button@2x.png]
[static1.squarespace.com/static/vta/5c5a519771c10ba3470d8101/scripts/site-bundle.951f531f248730580867fa534b60d99a.js]
[assets.squarespace.com/universal/images-v6/damask/edit-aviary-light.png]
[assets.squarespace.com/universal/images-v6/damask/edit-aviary-light@2x.png]
[assets.squarespace.com/universal/images-v6/damask/edit-info-light.png]
[assets.squarespace.com/universal/images-v6/damask/edit-info-light@2x.png]
[assets.squarespace.com/universal/images-v6/damask/trash-9-light.png]
[assets.squarespace.com/universal/images-v6/damask/trash-9-light@2x.png]
[assets.squarespace.com/universal/images-v6/damask/trash-9-red.png]
[assets.squarespace.com/universal/images-v6/damask/trash-9-red@2x.png]
[assets.squarespace.com/universal/images-v6/damask/getty-16-light.png]
[assets.squarespace.com/universal/images-v6/damask/getty-32-light.png]
[assets.squarespace.com/universal/images-v6/damask/shopping-cart-16-light.png]
[assets.squarespace.com/universal/images-v6/damask/shopping-cart-32-light.png]
[assets.squarespace.com/universal/images-v6/icons/block-indicator-dark.png]
[assets.squarespace.com/universal/images-v6/icons/block-indicator-dark@2x.png]
[assets.squarespace.com/universal/images-v6/icons/opentable-icons.png]
[assets.squarespace.com/universal/images-v6/icons/icon-searchqueries-20-dark.png]
[assets.squarespace.com/universal/images-v6/icons/icon-searchqueries-20-light.png]
[assets.squarespace.com/universal/images-v6/icons/icon-video-24-light-solid.png]
[assets.squarespace.com/universal/images-v6/icons/icon-settings-16-light.png]
[static1.squarespace.com/static/versioned-site-css/61c90f76ff5f802020e2848e/27/5c5a519771c10ba3470d8101/61c90f76ff5f802020e284a7/1536/site.css]
[static1.squarespace.com/static/vta/5c5a519771c10ba3470d8101/versioned-assets/1718130742063-ZB0N0KP2JGXANVM5KICL/static.css]
[images.squarespace-cdn.com/content/v1/61c90f76ff5f802020e2848e/d8329cf2-4edd-463c-aebf-fc2f9a43b148/FC_20220308_0680.jpg]
[www.capturedimagess.com/shop-1/p/capturedimagess-original-tee.html]
[images.squarespace-cdn.com/content/v1/61c90f76ff5f802020e2848e/1647207060239-BTRTBG4L7HTNSHOOP9AP/unisex-staple-t-shirt-black-heather-front-622e628fa1d49.jpg]
[images.squarespace-cdn.com/content/v1/61c90f76ff5f802020e2848e/1647207060976-7NPOVLB38Z92WI58GYSS/unisex-staple-t-shirt-black-heather-back-622e628fa2212.jpg]
[images.squarespace-cdn.com/content/v1/61c90f76ff5f802020e2848e/1647207061600-D065LR01IMLW68VYCDXP/unisex-staple-t-shirt-black-front-622e628fa26fe.jpg]
[images.squarespace-cdn.com/content/v1/61c90f76ff5f802020e2848e/1647207062211-DDFGKSYZ7OOLSW94XSL3/unisex-staple-t-shirt-black-back-622e628fa2d6a.jpg]
[www.capturedimagess.com/shop-1/p/original-long-sleeve.html]
[images.squarespace-cdn.com/content/v1/61c90f76ff5f802020e2848e/1647208002308-MJGR3S840SO76QUV9BA4/mens-fitted-long-sleeve-shirt-black-front-622e663d7a5b9.jpg]
[images.squarespace-cdn.com/content/v1/61c90f76ff5f802020e2848e/1647208002989-YVAMFOKYFF9Z7VV6ACVS/mens-fitted-long-sleeve-shirt-black-back-622e663d7a837.jpg]
[www.capturedimagess.com/shop-1.html]
[www.capturedimagess.com/portfolio/basketball.html]
[images.squarespace-cdn.com/content/v1/61c90f76ff5f802020e2848e/1640718470260-S0AFCUGYH004EXG13R2U/IMG_2085.jpg]
[www.capturedimagess.com/portfolio/concerts.html]
[images.squarespace-cdn.com/content/v1/61c90f76ff5f802020e2848e/1700523447961-4TAUU6V8HJMEOX2CJUY6/IMG_6914.jpg]
[www.capturedimagess.com/portfolio/lifestyle.html]
[images.squarespace-cdn.com/content/v1/61c90f76ff5f802020e2848e/1660066442948-PR8D21WY0CEY1MF0HSEG/IMG_7683.jpg]
[www.capturedimagess.com/portfolio/portraits.html]
[images.squarespace-cdn.com/content/v1/61c90f76ff5f802020e2848e/1640718772377-SWVU7NQQ4AI2AW5YNIEM/IMG_3660.jpg]
[www.capturedimagess.com/portfolio/soccer.html]
[images.squarespace-cdn.com/content/v1/61c90f76ff5f802020e2848e/1640718883626-EZ6AJ6B61MOG8BM6ASBG/IMG_0857.jpg]
[www.capturedimagess.com/portfolio/baseball.html]
[images.squarespace-cdn.com/content/v1/61c90f76ff5f802020e2848e/1647210322795-G6NDC15FH7263RLXWXV4/A31A0130.jpg]
[www.capturedimagess.com/portfolio/religious.html]
[images.squarespace-cdn.com/content/v1/61c90f76ff5f802020e2848e/1650671163882-DS70EM3ZYFTZ9RHIAET8/IMG_3074.jpg]
[www.capturedimagess.com/portfolio/special-events.html]
[images.squarespace-cdn.com/content/v1/61c90f76ff5f802020e2848e/1653694124651-9XBX3ODOO6VLFZXC4J93/83F6D5C4-F885-4448-BE65-0FC809B14D21.jpg]
[www.capturedimagess.com/portfolio/studio.html]
[images.squarespace-cdn.com/content/v1/61c90f76ff5f802020e2848e/1713230757375-NRMVZPTONLMUSZKQ5JMI/IMG_9105.jpg]
[www.capturedimagess.com/portfolio.html]
[images.squarespace-cdn.com/content/v1/61c90f76ff5f802020e2848e/b73ad7b4-9cde-461c-b87c-98f28ccc84b9/IMG_9408.jpg]
[www.capturedimagess.com/contact.html]
[images.squarespace-cdn.com/content/v1/61c90f76ff5f802020e2848e/b03b4ce7-0335-43c6-8b20-69fa4f396dcd/IMG_3598.jpg]
[www.capturedimagess.com/general-1.html]
[assets.squarespace.com/universal/scripts-compressed/extract-css-runtime-d6bf157b4277e8822f04-min.en-US.js]
[assets.squarespace.com/universal/scripts-compressed/extract-css-runtime-0bfe94a50ed80787e6d6-min.en-US.js]
[www.capturedimagess.com/cart.html]
[images.squarespace-cdn.com/content/61c90f76ff5f802020e2848e/1647207060239-BTRTBG4L7HTNSHOOP9AP/unisex-staple-t-shirt-black-heather-front-622e628fa1d49ee8a.jpg]
[www.capturedimagess.com/shop-1/p/capturedimagess-original-tee.html]
[images.squarespace-cdn.com/content/61c90f76ff5f802020e2848e/1647208002308-MJGR3S840SO76QUV9BA4/mens-fitted-long-sleeve-shirt-black-front-622e663d7a5b9ee8a.jpg]
[www.capturedimagess.com/shop-1/p/original-long-sleeve.html]
[images.squarespace-cdn.com/content/61c90f76ff5f802020e2848e/1640718470260-S0AFCUGYH004EXG13R2U/IMG_2085ee8a.jpg]
[images.squarespace-cdn.com/content/v1/61c90f76ff5f802020e2848e/a610ddc7-0833-47cd-bc76-0782115b27a9/IMG_5108.jpg]
[images.squarespace-cdn.com/content/v1/61c90f76ff5f802020e2848e/43a40f63-5f7f-4bde-83d7-c99153708f08/IMG_4242+2.jpg]
[images.squarespace-cdn.com/content/v1/61c90f76ff5f802020e2848e/b2569e92-2740-497f-bb13-9cae6281791f/IMG_9467.jpg]
[images.squarespace-cdn.com/content/v1/61c90f76ff5f802020e2848e/e972ab06-9784-4bb2-8639-6e39aab75980/IMG_4112.jpg]
[images.squarespace-cdn.com/content/v1/61c90f76ff5f802020e2848e/f0fa9882-934f-462f-9a95-69206f6d0d76/IMG_1926.jpg]
[assets.squarespace.com/universal/scripts-compressed/commerce-checkout-5b1cadf043dadab03da3-min.en-US.js]
[images.squarespace-cdn.com/content/v1/61c90f76ff5f802020e2848e/dcaa1374-ede1-4de2-b91d-bb3a60f440bb/IMG_4196.jpg]
[images.squarespace-cdn.com/content/v1/61c90f76ff5f802020e2848e/e414c6a4-800c-49bc-8e0c-6a913989f920/IMG_3418.jpg]
[images.squarespace-cdn.com/content/v1/61c90f76ff5f802020e2848e/94c2fe94-e279-4384-8bf9-251f2f40071f/IMG_1967.jpg]
[images.squarespace-cdn.com/content/v1/61c90f76ff5f802020e2848e/236aae7c-d49b-4802-b18e-e16a8ea5b0d3/IMG_1939.jpg]
[images.squarespace-cdn.com/content/v1/61c90f76ff5f802020e2848e/c49f5d6e-f127-4511-b1d4-10ca31620d87/IMG_3901.jpg]
[images.squarespace-cdn.com/content/v1/61c90f76ff5f802020e2848e/aeb2bf59-0005-41d7-858b-1fb662668a12/IMG_8748.jpg]
[images.squarespace-cdn.com/content/v1/61c90f76ff5f802020e2848e/4fa86a85-66de-4316-8f4b-bebb92225d7d/IMG_7681.jpg]
[images.squarespace-cdn.com/content/v1/61c90f76ff5f802020e2848e/b2b5e540-afae-421c-8410-a7ee5d52516d/IMG_1707.jpg]
[images.squarespace-cdn.com/content/v1/61c90f76ff5f802020e2848e/5d8e73ae-1dcb-4135-b429-bb41b9c809e3/IMG_3092.jpg]
[images.squarespace-cdn.com/content/v1/61c90f76ff5f802020e2848e/d03c6af9-262e-4234-a04f-9904a5ef4be4/IMG_3052.jpg]
[images.squarespace-cdn.com/content/v1/61c90f76ff5f802020e2848e/ca8b3922-5108-4196-b04c-0df52fd262ae/IMG_0642.jpg]
[images.squarespace-cdn.com/content/v1/61c90f76ff5f802020e2848e/f059308a-39c5-48ea-ab0f-8c98da6ab958/IMG_8021.jpg]
[images.squarespace-cdn.com/content/v1/61c90f76ff5f802020e2848e/5ea08438-8742-4f48-97b3-31438db29524/IMG_3675.jpg]
[images.squarespace-cdn.com/content/v1/61c90f76ff5f802020e2848e/d401d211-654b-4d10-b03b-91eac2dde3bd/FC_20211012_0168.jpg]
[images.squarespace-cdn.com/content/v1/61c90f76ff5f802020e2848e/d3aa3679-a2cb-48fd-be96-0e3e3b38630f/IMG_0611+2.jpg]
[images.squarespace-cdn.com/content/v1/61c90f76ff5f802020e2848e/b5e9f126-e7ef-428d-a1d6-9da42278bdfe/IMG_2650.jpg]
[images.squarespace-cdn.com/content/v1/61c90f76ff5f802020e2848e/71e2e188-29fd-4ffd-973d-9e4161f66229/IMG_0622.jpg]
[images.squarespace-cdn.com/content/v1/61c90f76ff5f802020e2848e/8ec320e6-d9dd-43fd-b534-17d6b7152c4c/IMG_0624.jpg]
[images.squarespace-cdn.com/content/v1/61c90f76ff5f802020e2848e/24eb83c2-281c-4717-beea-969719966679/IMG_2240.jpg]
[images.squarespace-cdn.com/content/v1/61c90f76ff5f802020e2848e/11c0b484-144f-405d-9be3-0f4bb521011c/IMG_1911.jpg]
[images.squarespace-cdn.com/content/v1/61c90f76ff5f802020e2848e/314dd780-f2cf-495f-8b43-2da090515499/IMG_2085.jpg]
[images.squarespace-cdn.com/content/v1/61c90f76ff5f802020e2848e/38b4cb04-894b-46b4-afad-9f6d5f3ec70d/IMG_2663+2.jpg]
[images.squarespace-cdn.com/content/v1/61c90f76ff5f802020e2848e/774905ba-4aad-4222-8288-c6201a58659d/IMG_1610.jpg]
[images.squarespace-cdn.com/content/v1/61c90f76ff5f802020e2848e/af5c0960-f39d-452e-96f5-ea1c91f6867a/IMG_1743.jpg]
[images.squarespace-cdn.com/content/v1/61c90f76ff5f802020e2848e/b6e8430a-3324-4977-9d55-8df7400b27f2/IMG_1744.jpg]
[images.squarespace-cdn.com/content/v1/61c90f76ff5f802020e2848e/c457c4c1-ba5f-46cf-ad4b-18d0bf4e4d8c/IMG_1897.jpg]
[images.squarespace-cdn.com/content/v1/61c90f76ff5f802020e2848e/4ff949e6-a024-4a6e-9d21-2dc1068f8d1f/IMG_7270.jpg]
[images.squarespace-cdn.com/content/v1/61c90f76ff5f802020e2848e/f0bb27c0-e206-4cb2-9c46-774da2f7695c/IMG_1906.jpg]
[images.squarespace-cdn.com/content/v1/61c90f76ff5f802020e2848e/114ae441-896d-418a-aa64-cc75b0f71909/IMG_1907.jpg]
[images.squarespace-cdn.com/content/v1/61c90f76ff5f802020e2848e/bf90b579-7275-4569-862a-91272235e6a6/IMG_1910.jpg]
[images.squarespace-cdn.com/content/v1/61c90f76ff5f802020e2848e/4afcc330-6c2b-4b1a-bcf3-d7c8a33e5b30/IMG_1986.jpg]
[images.squarespace-cdn.com/content/v1/61c90f76ff5f802020e2848e/6f2071fd-bebd-46b4-a4b1-e24205c6f34f/IMG_2664.jpg]
[images.squarespace-cdn.com/content/v1/61c90f76ff5f802020e2848e/bcbf15c6-e4f6-40db-9daa-c144d563ff76/IMG_0666.jpg]
[images.squarespace-cdn.com/content/v1/61c90f76ff5f802020e2848e/e81e05d4-015d-4ab9-933b-eac5e150f2ac/IMG_6414.jpg]
[images.squarespace-cdn.com/content/v1/61c90f76ff5f802020e2848e/9ffae8c2-e50e-4b41-9e50-42ed88112e90/IMG_1985+2.jpg]
[images.squarespace-cdn.com/content/v1/61c90f76ff5f802020e2848e/5a94acd1-5f92-42f8-bbed-23959cee758c/IMG_3003.jpg]
[images.squarespace-cdn.com/content/v1/61c90f76ff5f802020e2848e/91f41e9f-f5a5-4ec8-977c-61003f9bf9ef/IMG_1227.jpg]
[images.squarespace-cdn.com/content/v1/61c90f76ff5f802020e2848e/1d6b0a20-127e-4e94-a64c-e8009f045605/IMG_2640.jpg]
[images.squarespace-cdn.com/content/v1/61c90f76ff5f802020e2848e/cd5f75a4-c53d-43dd-a934-ff05978e9180/IMG_1228.jpg]
[images.squarespace-cdn.com/content/v1/61c90f76ff5f802020e2848e/2c307818-844e-4ef1-abb7-409e7370e84c/A99F28FB-80F4-41B1-BB76-ED9AFC3C1725.jpg]
[images.squarespace-cdn.com/content/v1/61c90f76ff5f802020e2848e/2f202a90-7405-4c25-9359-e4a4f1da4bbc/SIX_8903549D-3BD6-459E-8209-E077646C26D2.jpg]
[images.squarespace-cdn.com/content/v1/61c90f76ff5f802020e2848e/69714ac6-dee9-4206-8dad-fce096e7f098/SIX_EBB95EBF-1DB1-4511-824A-93D51BE9C5C8.jpg]
[images.squarespace-cdn.com/content/v1/61c90f76ff5f802020e2848e/d0b030f7-4477-4bfb-90fd-df6d5846c166/IMG_9121.jpg]
[images.squarespace-cdn.com/content/v1/61c90f76ff5f802020e2848e/94219d0f-852c-436b-9fd9-514532892f46/IMG_9169.jpg]
[images.squarespace-cdn.com/content/v1/61c90f76ff5f802020e2848e/b826f670-30b7-4ce8-8c1e-ffba8b9d18c9/FC_20211215_0424.jpg]
[images.squarespace-cdn.com/content/v1/61c90f76ff5f802020e2848e/bc9add81-9413-4d9a-a119-70ae97b48074/DAB14F86-A2E2-4B95-B3EB-6AF88840026A.jpg]
[images.squarespace-cdn.com/content/v1/61c90f76ff5f802020e2848e/dbc2efef-d645-4607-8628-ed68203c4291/FC_20220119_0551.jpg]
[images.squarespace-cdn.com/content/v1/61c90f76ff5f802020e2848e/5ac48b56-4bc4-461c-9347-49a4ecf20bb0/FC_20220119_0555.jpg]
[images.squarespace-cdn.com/content/v1/61c90f76ff5f802020e2848e/1fbd23ab-3482-4204-abd1-6d963075650d/IMG_0037.jpg]
[images.squarespace-cdn.com/content/v1/61c90f76ff5f802020e2848e/84b79800-5e02-4f31-a5b6-850b3405cebc/IMG_0060.jpg]
[images.squarespace-cdn.com/content/v1/61c90f76ff5f802020e2848e/d09465e8-2922-4f40-9d7d-0bff61cb11f7/IMG_0103.jpg]
[images.squarespace-cdn.com/content/v1/61c90f76ff5f802020e2848e/bf4fc2d4-d890-45c0-b3ed-fff9ccd07733/IMG_0175.jpg]
[images.squarespace-cdn.com/content/v1/61c90f76ff5f802020e2848e/853b920c-69a7-49f5-aaa4-9c7cdd5e530a/IMG_0196.jpg]
[images.squarespace-cdn.com/content/v1/61c90f76ff5f802020e2848e/c808c657-34b6-4db8-8584-be759e5a5a6a/IMG_0308.jpg]
[images.squarespace-cdn.com/content/v1/61c90f76ff5f802020e2848e/67094ea9-cf4a-4ae7-85bf-3ac4342cfc3a/IMG_0460.jpg]
[images.squarespace-cdn.com/content/v1/61c90f76ff5f802020e2848e/7e7a11d7-675d-43a7-9b87-2e05d806575e/IMG_7213.jpg]
[images.squarespace-cdn.com/content/v1/61c90f76ff5f802020e2848e/97ee04cc-7ca9-4553-92fd-8e6be9f38461/IMG_0536.jpg]
[images.squarespace-cdn.com/content/v1/61c90f76ff5f802020e2848e/9237c256-01ba-4ebb-bd36-23d78b0d35ce/IMG_0556.jpg]
[images.squarespace-cdn.com/content/v1/61c90f76ff5f802020e2848e/a6c78536-5fb3-4a2f-a228-fd5033b34176/IMG_0572.jpg]
[images.squarespace-cdn.com/content/v1/61c90f76ff5f802020e2848e/9c5c1820-0b0c-4a04-8913-ef38aac122fa/IMG_0585.jpg]
[images.squarespace-cdn.com/content/v1/61c90f76ff5f802020e2848e/a5873d2b-c2af-47af-ae8d-ab62fbf84fa6/IMG_0591.jpg]
[images.squarespace-cdn.com/content/v1/61c90f76ff5f802020e2848e/8cc54dab-5a38-4fef-a7ad-794cb6385977/IMG_0661.jpg]
[images.squarespace-cdn.com/content/v1/61c90f76ff5f802020e2848e/566422fc-0be5-4635-b745-c28c3066293d/IMG_7077.jpg]
[images.squarespace-cdn.com/content/v1/61c90f76ff5f802020e2848e/84636b0d-f42f-4291-bdac-5b023d4b7b5d/IMG_7090.jpg]
[images.squarespace-cdn.com/content/v1/61c90f76ff5f802020e2848e/a50043fa-f54a-4f3f-83d4-cdb89d855c26/IMG_7504.jpg]
[images.squarespace-cdn.com/content/v1/61c90f76ff5f802020e2848e/c46ddf4e-17d2-492e-b7fc-79eab35eed37/IMG_7510.jpg]
[images.squarespace-cdn.com/content/v1/61c90f76ff5f802020e2848e/004bf77b-6d1a-4398-a38d-48fb9dfa60b8/IMG_7543.jpg]
[images.squarespace-cdn.com/content/v1/61c90f76ff5f802020e2848e/edc44761-f5fb-49cf-bc99-33ce05e6893d/IMG_8283.jpg]
[images.squarespace-cdn.com/content/v1/61c90f76ff5f802020e2848e/97df0721-6b51-420a-9d25-b20868ead9af/IMG_8313.jpg]
[images.squarespace-cdn.com/content/v1/61c90f76ff5f802020e2848e/c7b73c2c-e3d2-4399-b747-cf1f98c4fd87/IMG_8633.jpg]
[images.squarespace-cdn.com/content/v1/61c90f76ff5f802020e2848e/a9b55a19-0c23-4b7d-8ce0-d28832f5da46/IMG_8679.jpg]
[images.squarespace-cdn.com/content/v1/61c90f76ff5f802020e2848e/f098407a-66be-429d-899e-a851677f9ffd/IMG_8809.jpg]
[images.squarespace-cdn.com/content/v1/61c90f76ff5f802020e2848e/340ff6c0-89fb-4b10-bd69-2c22f6bc798e/IMG_8743.jpg]
[images.squarespace-cdn.com/content/v1/61c90f76ff5f802020e2848e/12800943-ed3a-4f33-9cea-1c54b1ac82d5/IMG_8851.jpg]
[images.squarespace-cdn.com/content/v1/61c90f76ff5f802020e2848e/3b893a67-a01e-4719-b6d8-c851c4c55b24/IMG_8967.jpg]
[images.squarespace-cdn.com/content/v1/61c90f76ff5f802020e2848e/757fd857-6919-43b9-b337-17a17220b3b3/IMG_9985.jpg]
[images.squarespace-cdn.com/content/v1/61c90f76ff5f802020e2848e/653aa67a-7278-4a26-b75d-1a13327e635c/IMG_9978.jpg]
[images.squarespace-cdn.com/content/v1/61c90f76ff5f802020e2848e/be423ae1-b9ed-4eba-aa79-06f2ff806cd4/IMG_9977.jpg]
[images.squarespace-cdn.com/content/v1/61c90f76ff5f802020e2848e/a08bd3ae-c838-48ee-b382-622f7e3443ad/IMG_9933.jpg]
[images.squarespace-cdn.com/content/v1/61c90f76ff5f802020e2848e/1e916cad-0757-4dfb-89ce-782cf99a1d27/IMG_9864.jpg]
[images.squarespace-cdn.com/content/v1/61c90f76ff5f802020e2848e/769024ec-b5ab-40fc-98b2-ca623d213c37/IMG_9751.jpg]
[images.squarespace-cdn.com/content/v1/61c90f76ff5f802020e2848e/790ac9ce-df53-4d8a-8f13-e6b9bbe9f1a9/IMG_9690.jpg]
[images.squarespace-cdn.com/content/v1/61c90f76ff5f802020e2848e/5614f29a-d826-4e84-9d9c-2e27d671cc00/IMG_9558.jpg]
[images.squarespace-cdn.com/content/v1/61c90f76ff5f802020e2848e/7951bd49-e010-4756-ad9c-f86965a0de9a/FC_20220317_0683.jpg]
[images.squarespace-cdn.com/content/v1/61c90f76ff5f802020e2848e/c7d20dfb-5d45-4634-b2ea-ef5120ab0c31/IMG_2405.jpg]
[images.squarespace-cdn.com/content/v1/61c90f76ff5f802020e2848e/89af3ddb-73f4-465b-ba78-2ef2bc2eb7b9/IMG_6119.jpg]
[images.squarespace-cdn.com/content/v1/61c90f76ff5f802020e2848e/ccb57a83-514d-4629-887c-347f46abe6fd/IMG_6120.jpg]
[images.squarespace-cdn.com/content/v1/61c90f76ff5f802020e2848e/c42298bb-e41e-4233-951c-13e22ddd2be4/IMG_6129.jpg]
[images.squarespace-cdn.com/content/v1/61c90f76ff5f802020e2848e/abda2018-2da5-4f3a-9930-ec5e3f48135c/IMG_6152.jpg]
[images.squarespace-cdn.com/content/v1/61c90f76ff5f802020e2848e/75ad1d1f-857f-46d6-be7c-a7fc3233c95c/IMG_6131.jpg]
[images.squarespace-cdn.com/content/v1/61c90f76ff5f802020e2848e/cfa51f0b-fa9c-4b12-b1dc-2c50034c5da7/IMG_6153.jpg]
[images.squarespace-cdn.com/content/v1/61c90f76ff5f802020e2848e/eadd5874-1461-4327-bb28-17f6475ae902/IMG_6209.jpg]
[images.squarespace-cdn.com/content/v1/61c90f76ff5f802020e2848e/71842d27-2d78-484f-b6a7-3c6850a51c37/IMG_6226.jpg]
[images.squarespace-cdn.com/content/v1/61c90f76ff5f802020e2848e/9448138c-f6bd-4050-9b58-17e3d338dc64/IMG_6244.jpg]
[images.squarespace-cdn.com/content/v1/61c90f76ff5f802020e2848e/01cdbea3-f793-4be3-bc91-55d9f0ea1074/IMG_6250.jpg]
[images.squarespace-cdn.com/content/v1/61c90f76ff5f802020e2848e/49d3e507-5aa8-4949-98c7-89e240c08bb1/IMG_6251.jpg]
[images.squarespace-cdn.com/content/v1/61c90f76ff5f802020e2848e/b0c5ffc4-cadf-477b-a0c5-533810b80997/IMG_6301.jpg]
[images.squarespace-cdn.com/content/v1/61c90f76ff5f802020e2848e/5f1fb898-0ec0-445f-9046-3e4d25222b6d/IMG_6253.jpg]
[images.squarespace-cdn.com/content/v1/61c90f76ff5f802020e2848e/982147af-3d45-4166-968e-4bafceecd66e/IMG_6315.jpg]
[images.squarespace-cdn.com/content/v1/61c90f76ff5f802020e2848e/8480c793-7be9-4e5a-9c5f-da99f0bc317a/IMG_6320.jpg]
[images.squarespace-cdn.com/content/v1/61c90f76ff5f802020e2848e/eafa5e3a-4b31-4ded-bccf-b4917913d81f/IMG_6352.jpg]
[images.squarespace-cdn.com/content/v1/61c90f76ff5f802020e2848e/6091fbe7-2335-4500-9bf3-70be28904aa0/IMG_6405.jpg]
[images.squarespace-cdn.com/content/v1/61c90f76ff5f802020e2848e/f89cf3a4-89ea-4ab6-8548-589037a8784e/IMG_6428.jpg]
[images.squarespace-cdn.com/content/v1/61c90f76ff5f802020e2848e/cfa9eafe-5f90-461f-adad-1b15a239d04a/IMG_6429.jpg]
[images.squarespace-cdn.com/content/v1/61c90f76ff5f802020e2848e/b686c21d-ec31-43d9-b4e4-8955b255313c/IMG_6462.jpg]
[images.squarespace-cdn.com/content/v1/61c90f76ff5f802020e2848e/c22f85e2-072e-4503-9156-cf1fab246fb3/IMG_6471.jpg]
[images.squarespace-cdn.com/content/v1/61c90f76ff5f802020e2848e/c9990f19-06be-47b0-8380-26523b55543a/IMG_8090.jpg]
[images.squarespace-cdn.com/content/v1/61c90f76ff5f802020e2848e/a28edd1a-4e41-4d7a-9896-d9195cbc0a35/IMG_8103.jpg]
[images.squarespace-cdn.com/content/v1/61c90f76ff5f802020e2848e/450991d4-a604-4a93-b93b-d0bbc81e0fd9/IMG_8125.jpg]
[images.squarespace-cdn.com/content/v1/61c90f76ff5f802020e2848e/292ccfc4-8487-4c6c-8a00-3cd843fa3245/IMG_6491.jpg]
[images.squarespace-cdn.com/content/v1/61c90f76ff5f802020e2848e/0c6acba5-6e47-4360-b1fa-c4761696768a/IMG_6527.jpg]
[images.squarespace-cdn.com/content/v1/61c90f76ff5f802020e2848e/4bbe7fe8-c64d-4ae8-af0e-2b187da3abdd/IMG_6529.jpg]
[images.squarespace-cdn.com/content/v1/61c90f76ff5f802020e2848e/e884576e-c87c-42fe-9c01-4837c318cfeb/IMG_6532.jpg]
[images.squarespace-cdn.com/content/v1/61c90f76ff5f802020e2848e/cc2188ac-8253-40c7-b150-981b26aeb3f1/IMG_6616.jpg]
[images.squarespace-cdn.com/content/v1/61c90f76ff5f802020e2848e/5735732b-a0af-4d23-9063-e77b0a0c9cbc/IMG_6630.jpg]
[images.squarespace-cdn.com/content/v1/61c90f76ff5f802020e2848e/38082ff1-9eae-40fe-af2a-48fd7857f4a8/IMG_6637.jpg]
[images.squarespace-cdn.com/content/v1/61c90f76ff5f802020e2848e/c0833e17-2184-46b2-a9d5-1d6f9adf6e76/IMG_6644.jpg]
[images.squarespace-cdn.com/content/v1/61c90f76ff5f802020e2848e/358541ec-e2b3-436e-8612-1dc814323414/IMG_6676.jpg]
[images.squarespace-cdn.com/content/v1/61c90f76ff5f802020e2848e/29229adf-035f-452c-b3e4-886640a2dc92/IMG_6697.jpg]
[images.squarespace-cdn.com/content/v1/61c90f76ff5f802020e2848e/97196963-4658-4ec5-b584-2114716c583e/IMG_0312.jpg]
[images.squarespace-cdn.com/content/v1/61c90f76ff5f802020e2848e/3360ce9b-8406-4961-9185-3bfc4d272d0b/IMG_7037.jpg]
[images.squarespace-cdn.com/content/v1/61c90f76ff5f802020e2848e/279a6a6a-d867-485b-a390-74994a669bf8/IMG_7055.jpg]
[images.squarespace-cdn.com/content/v1/61c90f76ff5f802020e2848e/152605d3-5e40-4ac2-87bc-e614fee5b0f4/IMG_7072.jpg]
[images.squarespace-cdn.com/content/v1/61c90f76ff5f802020e2848e/db2f6166-842f-4018-9499-f5d8058ee60d/IMG_7080.jpg]
[images.squarespace-cdn.com/content/v1/61c90f76ff5f802020e2848e/77b0d9a7-af57-4b59-a701-762133060652/IMG_7096.jpg]
[images.squarespace-cdn.com/content/v1/61c90f76ff5f802020e2848e/e8c4215c-7536-4db6-98f5-6a430dff04db/IMG_7116.jpg]
[images.squarespace-cdn.com/content/v1/61c90f76ff5f802020e2848e/8f699aba-cd92-46e0-a4ae-69440184d4b5/IMG_7134.jpg]
[images.squarespace-cdn.com/content/v1/61c90f76ff5f802020e2848e/9e436679-8750-4d0c-8b96-096350e5471c/IMG_7144.jpg]
[images.squarespace-cdn.com/content/v1/61c90f76ff5f802020e2848e/90b845ef-04a8-400b-a6e2-c26f61ccc0d9/IMG_7152.jpg]
[images.squarespace-cdn.com/content/v1/61c90f76ff5f802020e2848e/2fedff85-a3bb-4112-990f-dd2e922bcdd1/IMG_7193.jpg]
[images.squarespace-cdn.com/content/v1/61c90f76ff5f802020e2848e/82709523-debb-4627-bf06-47497bd15e10/IMG_7157.jpg]
[images.squarespace-cdn.com/content/v1/61c90f76ff5f802020e2848e/838c6e09-ffdc-4f24-99fb-de161a2ddc04/IMG_4109.jpg]
[images.squarespace-cdn.com/content/v1/61c90f76ff5f802020e2848e/ef4c52f9-64cc-4f61-83ad-c86953968512/IMG_7162.jpg]
[images.squarespace-cdn.com/content/v1/61c90f76ff5f802020e2848e/4fa43596-a0c0-4582-ab31-8b5415919655/IMG_7210.jpg]
[images.squarespace-cdn.com/content/v1/61c90f76ff5f802020e2848e/362b2640-a48b-44e0-84de-2b9fa07e1631/IMG_7225.jpg]
[images.squarespace-cdn.com/content/v1/61c90f76ff5f802020e2848e/69305ac3-b674-40b3-ac79-dd5620e6ef67/IMG_7245.jpg]
[images.squarespace-cdn.com/content/v1/61c90f76ff5f802020e2848e/694fbfbb-4205-4efe-8cdf-2fa789c1b077/IMG_7241.jpg]
[images.squarespace-cdn.com/content/v1/61c90f76ff5f802020e2848e/6323e8fe-427c-4d42-8a70-735844ff97bb/IMG_7289.jpg]
[images.squarespace-cdn.com/content/v1/61c90f76ff5f802020e2848e/2490a01e-dafd-47cc-8e87-ceb558352500/IMG_7286.jpg]
[images.squarespace-cdn.com/content/v1/61c90f76ff5f802020e2848e/ba6ff4dc-9b57-4541-8166-d6f733d78437/IMG_2109-2.jpg]
[images.squarespace-cdn.com/content/v1/61c90f76ff5f802020e2848e/57218a1e-d74d-4181-be3f-225bc87b69d4/IMG_8712.jpg]
[images.squarespace-cdn.com/content/v1/61c90f76ff5f802020e2848e/1c09e00f-ae35-47aa-8af3-3e3c8ee584b5/IMG_8637-Edit.png]
[images.squarespace-cdn.com/content/v1/61c90f76ff5f802020e2848e/e1ca7136-f529-4a6d-a55f-751b6e985262/IMG_8566.jpg]
[images.squarespace-cdn.com/content/v1/61c90f76ff5f802020e2848e/db8ad2a9-c056-4f05-bc5d-3e141b90cdcf/IMG_8564.jpg]
[images.squarespace-cdn.com/content/v1/61c90f76ff5f802020e2848e/702246ed-3e46-4c16-a18e-186f24d69bf8/IMG_8544.jpg]
[images.squarespace-cdn.com/content/v1/61c90f76ff5f802020e2848e/77121048-6582-48fa-adf3-81bde7309344/IMG_8522.jpg]
[images.squarespace-cdn.com/content/v1/61c90f76ff5f802020e2848e/acda0e42-ad14-427a-8c25-9490831f701b/IMG_8503.jpg]
[images.squarespace-cdn.com/content/v1/61c90f76ff5f802020e2848e/2e7e33f1-4211-48b1-b8c5-980755b2c4d6/IMG_8485-Edit.png]
[images.squarespace-cdn.com/content/v1/61c90f76ff5f802020e2848e/a0b09bd3-abaa-4886-ad3f-fb9f46ea0b42/IMG_8404.jpg]
[images.squarespace-cdn.com/content/v1/61c90f76ff5f802020e2848e/5d2d9eb3-1ab2-4df6-8dc3-bbf807820f4f/IMG_8325.jpg]
[images.squarespace-cdn.com/content/v1/61c90f76ff5f802020e2848e/3c9d1728-c2a1-44e9-90e2-a120a3a2b6e0/IMG_8108-Edit.png]
[images.squarespace-cdn.com/content/v1/61c90f76ff5f802020e2848e/2fa95983-4b60-43e8-a2ec-b5a5c0a3984b/IMG_8058.jpg]
[images.squarespace-cdn.com/content/v1/61c90f76ff5f802020e2848e/0c376e38-654b-42ff-a5c6-fc39134baef8/IMG_7978.jpg]
[images.squarespace-cdn.com/content/v1/61c90f76ff5f802020e2848e/da0238b1-47d9-470b-9c63-45e9f68dfd8a/IMG_7937.jpg]
[images.squarespace-cdn.com/content/v1/61c90f76ff5f802020e2848e/416d217a-f8ea-4dff-815e-0d265307cb38/IMG_7212.jpg]
[images.squarespace-cdn.com/content/v1/61c90f76ff5f802020e2848e/7ef819ee-ee7a-4ae8-b972-a0e2479b0e30/IMG_8763.jpg]
[images.squarespace-cdn.com/content/v1/61c90f76ff5f802020e2848e/63b0fd63-55f2-4276-a64f-60d81ebe3be1/IMG_8787.jpg]
[images.squarespace-cdn.com/content/v1/61c90f76ff5f802020e2848e/202f5167-98cd-4c7d-892a-e6b65ba933e2/IMG_8814.jpg]
[images.squarespace-cdn.com/content/v1/61c90f76ff5f802020e2848e/d82e15f6-be40-40b8-8966-813641bf411a/IMG_8945.jpg]
[images.squarespace-cdn.com/content/v1/61c90f76ff5f802020e2848e/94595ec2-7c63-4039-bf18-2fabd73c03b7/IMG_8950.jpg]
[images.squarespace-cdn.com/content/v1/61c90f76ff5f802020e2848e/b8b9693b-25af-4aba-8f56-9cfdc8615269/IMG_9020.jpg]
[images.squarespace-cdn.com/content/v1/61c90f76ff5f802020e2848e/631603e7-7459-497b-bf48-d798c7c82eec/IMG_9186.jpg]
[images.squarespace-cdn.com/content/v1/61c90f76ff5f802020e2848e/48035a94-b039-4594-b1be-20e1a1c8c6bb/IMG_9283.jpg]
[images.squarespace-cdn.com/content/v1/61c90f76ff5f802020e2848e/f47681e9-dbc0-4d05-af34-0fbc8fbf4d6c/IMG_9367.jpg]
[images.squarespace-cdn.com/content/v1/61c90f76ff5f802020e2848e/2ee0e46c-822e-43f3-bf02-376d262eb6fa/IMG_9288.jpg]
[images.squarespace-cdn.com/content/v1/61c90f76ff5f802020e2848e/9fc3fe60-3609-43a3-bf59-5613ff37406e/IMG_9311.jpg]
[images.squarespace-cdn.com/content/v1/61c90f76ff5f802020e2848e/4ae7b8e3-b08f-44ca-aec0-99d86fbba161/IMG_9370.jpg]
[images.squarespace-cdn.com/content/v1/61c90f76ff5f802020e2848e/d0082983-a6b7-4c68-9928-884c6e495d58/IMG_9448.jpg]
[images.squarespace-cdn.com/content/v1/61c90f76ff5f802020e2848e/97874427-411b-42ee-adb0-37d4fa8cb7ee/IMG_9616.jpg]
[images.squarespace-cdn.com/content/v1/61c90f76ff5f802020e2848e/6bc01ad1-0017-486d-9bb7-0bd3f7449a9b/IMG_9629.jpg]
[images.squarespace-cdn.com/content/v1/61c90f76ff5f802020e2848e/425ed9f2-d0b0-40c0-8108-0a6419766684/IMG_9762.jpg]
[images.squarespace-cdn.com/content/v1/61c90f76ff5f802020e2848e/c26dc075-ebeb-4202-8380-3dcdf2a3a764/IMG_9634.jpg]
[images.squarespace-cdn.com/content/v1/61c90f76ff5f802020e2848e/1148d1da-37a2-44ab-b132-d287aa7cf6e5/SIX_1FCBE0D7-0213-4DCF-9D72-E23C4FCD4EA0.jpg]
[images.squarespace-cdn.com/content/v1/61c90f76ff5f802020e2848e/2eb83bd4-7623-4525-9725-f0492bcd780b/IMG_1413.jpg]
[images.squarespace-cdn.com/content/v1/61c90f76ff5f802020e2848e/462df6ce-9e66-4788-a5fb-b53f4be31bf4/IMG_6117.jpg]
[images.squarespace-cdn.com/content/v1/61c90f76ff5f802020e2848e/36277e19-0a23-4e75-b4ad-a0ae4c60002d/IMG_6404.jpg]
[images.squarespace-cdn.com/content/v1/61c90f76ff5f802020e2848e/23ebac19-bd71-4684-a64c-cb224c56d749/IMG_6405.jpg]
[images.squarespace-cdn.com/content/v1/61c90f76ff5f802020e2848e/a6f43ad3-e752-46d5-ba60-fced48ac8fea/IMG_6414.jpg]
[images.squarespace-cdn.com/content/v1/61c90f76ff5f802020e2848e/4d5b0a25-c12b-4e93-b0da-a6ff5c5eb578/IMG_6417.jpg]
[images.squarespace-cdn.com/content/v1/61c90f76ff5f802020e2848e/32d00109-9867-4db4-8631-53b4a6e80590/IMG_6422.jpg]
[images.squarespace-cdn.com/content/v1/61c90f76ff5f802020e2848e/833059b2-0653-4a66-bbae-5d38e8220a77/IMG_6503.jpg]
[images.squarespace-cdn.com/content/v1/61c90f76ff5f802020e2848e/0e550d3e-4dd0-4c05-b8bf-f387cbd73c1c/IMG_7869.jpg]
[images.squarespace-cdn.com/content/v1/61c90f76ff5f802020e2848e/7eb6dc11-1498-4b36-9520-46be5e7d33a5/IMG_7947.jpg]
[images.squarespace-cdn.com/content/v1/61c90f76ff5f802020e2848e/18676fcc-3b06-468c-ac52-c1891fcf1d98/IMG_7973.jpg]
[images.squarespace-cdn.com/content/v1/61c90f76ff5f802020e2848e/91cd2d3b-4889-4582-9e21-81738a7274d5/IMG_8000.jpg]
[images.squarespace-cdn.com/content/v1/61c90f76ff5f802020e2848e/5d579ceb-d500-4cfe-a797-57134fb18ffa/IMG_8035.jpg]
[images.squarespace-cdn.com/content/v1/61c90f76ff5f802020e2848e/209d978e-0fa4-48ee-928e-8a1cbe8dfd00/IMG_8053.jpg]
[images.squarespace-cdn.com/content/v1/61c90f76ff5f802020e2848e/c414a1c9-7276-4ede-ac65-eaff9ba69823/IMG_8077.jpg]
[images.squarespace-cdn.com/content/v1/61c90f76ff5f802020e2848e/f321fd3b-ee3a-4b89-a8a1-9516848eef4a/IMG_4117.jpg]
[images.squarespace-cdn.com/content/v1/61c90f76ff5f802020e2848e/721c9c78-e45f-49a5-b2dd-395f4d1a5d89/IMG_4128.jpg]
[images.squarespace-cdn.com/content/v1/61c90f76ff5f802020e2848e/3efe3b7b-1710-49cd-ad6d-444f1443794b/IMG_4177.jpg]
[images.squarespace-cdn.com/content/v1/61c90f76ff5f802020e2848e/8d0cef6a-2cf8-41b3-91a0-233be2ea1def/IMG_4178.jpg]
[images.squarespace-cdn.com/content/v1/61c90f76ff5f802020e2848e/601148cf-04d4-40f4-9c9e-e5a92ea454ea/IMG_4180.jpg]
[images.squarespace-cdn.com/content/v1/61c90f76ff5f802020e2848e/0bb1a0fa-af78-4dfd-86e6-011f7759bf21/IMG_4934+2.jpg]
[images.squarespace-cdn.com/content/v1/61c90f76ff5f802020e2848e/c1973e0d-87f8-4c6b-9ee8-62bd54adf324/IMG_7682.jpg]
[images.squarespace-cdn.com/content/v1/61c90f76ff5f802020e2848e/4e8d0d0f-ac09-4cc0-9e2f-1d4e769c0e79/IMG_4070.jpg]
[images.squarespace-cdn.com/content/v1/61c90f76ff5f802020e2848e/2f3bc30a-fa9b-46d6-be4e-aa0f4b6d7050/IMG_4113.jpg]
[www.capturedimagess.com/portfolio/basketball.html]
[images.squarespace-cdn.com/content/61c90f76ff5f802020e2848e/1700523447961-4TAUU6V8HJMEOX2CJUY6/IMG_691443a3.jpg]
[images.squarespace-cdn.com/content/v1/61c90f76ff5f802020e2848e/488512b2-a2fa-44b8-a4a8-18d42a9b38e4/IMG_6893.jpg]
[images.squarespace-cdn.com/content/v1/61c90f76ff5f802020e2848e/d0740a53-6ac5-49ee-9a79-ea09847f642e/IMG_6959.jpg]
[images.squarespace-cdn.com/content/v1/61c90f76ff5f802020e2848e/40c2c39f-aa32-42ae-86e9-7ad6379cfc1c/IMG_6900.jpg]
[images.squarespace-cdn.com/content/v1/61c90f76ff5f802020e2848e/a13a1139-c345-448a-8705-bcc0ccf95128/IMG_6428.jpg]
[images.squarespace-cdn.com/content/v1/61c90f76ff5f802020e2848e/f35b2eb6-d692-4f7f-80df-c93884b94f2a/IMG_6894.jpg]
[images.squarespace-cdn.com/content/v1/61c90f76ff5f802020e2848e/3b40faa3-9d4b-400d-ab82-a685aabcd33f/IMG_6947.jpg]
[images.squarespace-cdn.com/content/v1/61c90f76ff5f802020e2848e/b358f9f1-1bdf-4b7b-811e-33a75a8ccc77/IMG_6895.jpg]
[images.squarespace-cdn.com/content/v1/61c90f76ff5f802020e2848e/a9ef097b-7777-4645-aa96-614c300032ad/IMG_6958.jpg]
[images.squarespace-cdn.com/content/v1/61c90f76ff5f802020e2848e/7701a42a-f493-43ed-8239-c7d733ac2c41/IMG_6963.jpg]
[images.squarespace-cdn.com/content/v1/61c90f76ff5f802020e2848e/7924c0e5-c7a1-4a9d-a26d-74afb2faaec4/IMG_6909.jpg]
[images.squarespace-cdn.com/content/v1/61c90f76ff5f802020e2848e/e170babf-0b26-4836-8a0d-20663305f2f5/IMG_6912.jpg]
[images.squarespace-cdn.com/content/v1/61c90f76ff5f802020e2848e/16781251-817b-4046-8a30-bc48394ca446/IMG_6908.jpg]
[images.squarespace-cdn.com/content/v1/61c90f76ff5f802020e2848e/1392279c-0163-46a0-9189-8c95513fb4b9/IMG_6965.jpg]
[images.squarespace-cdn.com/content/v1/61c90f76ff5f802020e2848e/733da543-1e49-40bd-a680-f810277c8e9c/IMG_6961.jpg]
[images.squarespace-cdn.com/content/v1/61c90f76ff5f802020e2848e/db1809c5-d179-452a-ad65-880227e4b664/IMG_6960.jpg]
[images.squarespace-cdn.com/content/v1/61c90f76ff5f802020e2848e/7b064f4c-d951-4299-9d07-647a521932ab/IMG_6891.jpg]
[images.squarespace-cdn.com/content/v1/61c90f76ff5f802020e2848e/0e42d179-c1bc-4a0e-94bb-9b7182791c72/IMG_6892.jpg]
[images.squarespace-cdn.com/content/v1/61c90f76ff5f802020e2848e/725458a5-ae2f-4314-9826-1f7099a0cab3/IMG_6902.jpg]
[images.squarespace-cdn.com/content/v1/61c90f76ff5f802020e2848e/3ba60f41-51f0-4d95-8f4d-5d93123d4d04/IMG_6430.jpg]
[images.squarespace-cdn.com/content/v1/61c90f76ff5f802020e2848e/6cc8d41d-7b58-4f19-8249-1d64b70ba7f3/IMG_6903.jpg]
[images.squarespace-cdn.com/content/v1/61c90f76ff5f802020e2848e/769c4333-c304-4f40-a24d-fdaa2401dfdb/IMG_6899.jpg]
[www.capturedimagess.com/portfolio/concerts.html]
[images.squarespace-cdn.com/content/61c90f76ff5f802020e2848e/1660066442948-PR8D21WY0CEY1MF0HSEG/IMG_768343a3.jpg]
[images.squarespace-cdn.com/content/v1/61c90f76ff5f802020e2848e/baffe18e-c53a-494f-b6cf-4fabedf70f0c/IMG_7683.jpg]
[images.squarespace-cdn.com/content/v1/61c90f76ff5f802020e2848e/22d8701e-fb9d-4215-93b9-326fd44ba955/IMG_9895-Edit.png]
[images.squarespace-cdn.com/content/v1/61c90f76ff5f802020e2848e/b05335a1-c390-4d43-bd5f-de5a76e48ef4/B896FD05-848D-4A13-B9DA-4CE0432F315B.jpg]
[images.squarespace-cdn.com/content/v1/61c90f76ff5f802020e2848e/3b504ba4-e5de-44c8-af01-f765a5d97e55/IMG_7788.jpg]
[images.squarespace-cdn.com/content/v1/61c90f76ff5f802020e2848e/fe54e058-3b1e-4aa4-9d82-4ed1b6fe4cf6/IMG_0041.jpg]
[images.squarespace-cdn.com/content/v1/61c90f76ff5f802020e2848e/555f4925-295f-4b81-960a-cc8978fa6156/IMG_7623.jpg]
[images.squarespace-cdn.com/content/v1/61c90f76ff5f802020e2848e/9b6885ee-5f12-4fc8-867f-02ac8e3b0437/IMG_7778.png]
[images.squarespace-cdn.com/content/v1/61c90f76ff5f802020e2848e/687ddb65-dfbd-41fd-bd89-2edf31ef2ee5/IMG_7844.jpg]
[images.squarespace-cdn.com/content/v1/61c90f76ff5f802020e2848e/8f919c50-7882-4aa9-8f76-7717f4698fd0/IMG_3008.jpg]
[images.squarespace-cdn.com/content/v1/61c90f76ff5f802020e2848e/942130a1-a15d-4750-ada4-b30a0cd9eb54/IMG_3048.jpg]
[images.squarespace-cdn.com/content/v1/61c90f76ff5f802020e2848e/66d857fb-1ff6-45b6-8772-5b52ec8a3619/IMG_0056.jpg]
[images.squarespace-cdn.com/content/v1/61c90f76ff5f802020e2848e/085c4c29-192d-4517-a743-9e150456f423/FC_20210929_0081.jpg]
[images.squarespace-cdn.com/content/v1/61c90f76ff5f802020e2848e/d0d324eb-a02e-44de-a191-65c9cf66a27e/IMG_3658.jpg]
[images.squarespace-cdn.com/content/v1/61c90f76ff5f802020e2848e/e29e988a-fd58-426f-a32e-916de89d8574/IMG_0432.jpg]
[images.squarespace-cdn.com/content/v1/61c90f76ff5f802020e2848e/47a73369-619e-4854-a1fb-8c6b7ddedce3/IMG_9408+2.jpg]
[images.squarespace-cdn.com/content/v1/61c90f76ff5f802020e2848e/44b87512-90e1-486c-979e-aabfd6297252/IMG_0584.jpg]
[images.squarespace-cdn.com/content/v1/61c90f76ff5f802020e2848e/dce3600b-9bc6-424a-b4d1-3719950b1a1e/IMG_9644.jpg]
[images.squarespace-cdn.com/content/v1/61c90f76ff5f802020e2848e/6f05c3e8-50a8-47f9-aed3-02b020b40fb6/IMG_3162.jpg]
[images.squarespace-cdn.com/content/v1/61c90f76ff5f802020e2848e/2fdb787b-b754-49b3-be29-cd999eb33a14/IMG_9995.jpg]
[images.squarespace-cdn.com/content/v1/61c90f76ff5f802020e2848e/84605714-b6b0-4ed2-a33b-4cf4c6fa3b19/IMG_7352.jpg]
[images.squarespace-cdn.com/content/v1/61c90f76ff5f802020e2848e/383fdffa-27b8-4826-90ea-719ee7d8f28d/IMG_7357.jpg]
[images.squarespace-cdn.com/content/v1/61c90f76ff5f802020e2848e/44b00d7a-3659-4662-9e74-880ec2d322c1/IMG_7445.jpg]
[images.squarespace-cdn.com/content/v1/61c90f76ff5f802020e2848e/3720c59b-0da2-4937-8049-bcb7b2cd12ce/IMG_7478.jpg]
[images.squarespace-cdn.com/content/v1/61c90f76ff5f802020e2848e/48b83143-cfb4-4367-9d63-e72bbe288711/IMG_7462.jpg]
[images.squarespace-cdn.com/content/v1/61c90f76ff5f802020e2848e/611b4068-94c3-4623-ac80-88c745abff05/IMG_7602.jpg]
[images.squarespace-cdn.com/content/v1/61c90f76ff5f802020e2848e/62d89052-448c-4bb0-9be0-d6d93c1ce520/IMG_7622.jpg]
[images.squarespace-cdn.com/content/v1/61c90f76ff5f802020e2848e/77909bba-be48-492a-a3b0-f010a2eba137/IMG_7647.jpg]
[images.squarespace-cdn.com/content/v1/61c90f76ff5f802020e2848e/9ae206f6-46d9-4758-bf14-7023aac6cc91/IMG_7659.jpg]
[images.squarespace-cdn.com/content/v1/61c90f76ff5f802020e2848e/ef500762-17b2-4145-8890-62de899d1587/IMG_7663.jpg]
[images.squarespace-cdn.com/content/v1/61c90f76ff5f802020e2848e/77f76e1a-2090-47a1-9378-e1238deb10e1/IMG_7670.jpg]
[images.squarespace-cdn.com/content/v1/61c90f76ff5f802020e2848e/26023bbe-25ee-4bd3-8468-03975a2cc5e3/IMG_7674.jpg]
[images.squarespace-cdn.com/content/v1/61c90f76ff5f802020e2848e/55861f9e-6093-49be-800e-aea1cbe178c2/IMG_7690.jpg]
[images.squarespace-cdn.com/content/v1/61c90f76ff5f802020e2848e/206377d1-33f2-41cf-949d-d3e602bf8ace/IMG_7711.jpg]
[images.squarespace-cdn.com/content/v1/61c90f76ff5f802020e2848e/5e6fd44a-ae28-4fb5-86e9-b2efdb8d71fa/IMG_7743-2.jpg]
[images.squarespace-cdn.com/content/v1/61c90f76ff5f802020e2848e/4a396519-a2e1-4009-9ab5-80b6794806f5/IMG_7758.jpg]
[images.squarespace-cdn.com/content/v1/61c90f76ff5f802020e2848e/8f8194f1-d63a-4f64-bb63-db2548b68469/IMG_7746.jpg]
[images.squarespace-cdn.com/content/v1/61c90f76ff5f802020e2848e/75ac55b6-2c26-4d1c-822a-8592dfb0d938/IMG_7764.jpg]
[images.squarespace-cdn.com/content/v1/61c90f76ff5f802020e2848e/8610e186-3b28-4f7e-8479-ffbd0dbc3451/IMG_7793.jpg]
[images.squarespace-cdn.com/content/v1/61c90f76ff5f802020e2848e/597cead0-0a75-467e-8959-a20672c42376/IMG_0068.jpg]
[images.squarespace-cdn.com/content/v1/61c90f76ff5f802020e2848e/86e686b5-aaf8-423c-912a-d18bc8dc0510/IMG_9815-2.jpg]
[images.squarespace-cdn.com/content/v1/61c90f76ff5f802020e2848e/a0695942-3d1b-4960-bf16-079c92d34a8e/IMG_9957.jpg]
[images.squarespace-cdn.com/content/v1/61c90f76ff5f802020e2848e/aa185a41-78de-458b-8543-fe26995b7055/IMG_9982-Edit.png]
[images.squarespace-cdn.com/content/v1/61c90f76ff5f802020e2848e/ddac36e7-fd90-4969-a146-57fe5a20d151/IMG_9945.jpg]
[images.squarespace-cdn.com/content/v1/61c90f76ff5f802020e2848e/ea0584a3-59b8-4478-b6c6-166e71876543/IMG_9911.jpg]
[images.squarespace-cdn.com/content/v1/61c90f76ff5f802020e2848e/ebe14e14-8d10-4d66-bda2-5959d134fcf6/IMG_9906.jpg]
[images.squarespace-cdn.com/content/v1/61c90f76ff5f802020e2848e/c1629f00-c022-4fe8-833a-269d87b6472f/IMG_9897.jpg]
[images.squarespace-cdn.com/content/v1/61c90f76ff5f802020e2848e/33ad8e9f-976d-407d-b7f4-4eb85d9a3bbf/IMG_9890-Edit.png]
[images.squarespace-cdn.com/content/v1/61c90f76ff5f802020e2848e/a4cb3602-5971-44bd-9a34-3137c036e44d/IMG_9877.jpg]
[images.squarespace-cdn.com/content/v1/61c90f76ff5f802020e2848e/5037c399-b856-4831-8039-7bd10a41fcd0/IMG_9856.jpg]
[images.squarespace-cdn.com/content/v1/61c90f76ff5f802020e2848e/9ad4b1bd-11d4-45a9-aa6b-0df1fd65f070/IMG_9850.jpg]
[images.squarespace-cdn.com/content/v1/61c90f76ff5f802020e2848e/8720c799-b9b6-4619-a6be-4e60aa235c7d/IMG_9870.jpg]
[images.squarespace-cdn.com/content/v1/61c90f76ff5f802020e2848e/4c7f5584-4bb6-494e-98cc-fdf5cf2f7a53/IMG_9839.jpg]
[images.squarespace-cdn.com/content/v1/61c90f76ff5f802020e2848e/6d034786-7679-4775-8c54-83854cf913ab/IMG_9828.jpg]
[www.capturedimagess.com/portfolio/lifestyle.html]
[images.squarespace-cdn.com/content/61c90f76ff5f802020e2848e/1640718772377-SWVU7NQQ4AI2AW5YNIEM/IMG_366043a3.jpg]
[images.squarespace-cdn.com/content/v1/61c90f76ff5f802020e2848e/d9283bba-e851-4f43-9bcb-fbcfafd9ab7e/IMG_0480.jpg]
[images.squarespace-cdn.com/content/v1/61c90f76ff5f802020e2848e/526adcf8-5b61-4b38-ae56-2620a144b747/IMG_9664.jpg]
[images.squarespace-cdn.com/content/v1/61c90f76ff5f802020e2848e/d5b513f7-9445-46a5-94f4-6fe0a512df4e/IMG_2597_jpg.jpg]
[images.squarespace-cdn.com/content/v1/61c90f76ff5f802020e2848e/df078acb-44eb-4099-9149-d63daa367b4f/IMG_9903.jpg]
[images.squarespace-cdn.com/content/v1/61c90f76ff5f802020e2848e/1299b60d-1427-40e4-a305-a6988dd2fa74/IMG_1372.jpg]
[images.squarespace-cdn.com/content/v1/61c90f76ff5f802020e2848e/565595c7-2f51-4e98-9593-83b1f6633596/IMG_3511.jpg]
[images.squarespace-cdn.com/content/v1/61c90f76ff5f802020e2848e/4971b3ab-99fc-4e28-ae9d-f6c1c95db5fc/IMG_0056.jpg]
[images.squarespace-cdn.com/content/v1/61c90f76ff5f802020e2848e/16aac70b-a0a3-4c1b-bbd8-5ad9801a852a/IMG_3519.jpg]
[images.squarespace-cdn.com/content/v1/61c90f76ff5f802020e2848e/0d267528-4428-4072-a733-eb54fe9770fe/IMG_9904.jpg]
[images.squarespace-cdn.com/content/v1/61c90f76ff5f802020e2848e/d414759f-44de-4f1c-901e-49e818fbef1d/IMG_3656.jpg]
[images.squarespace-cdn.com/content/v1/61c90f76ff5f802020e2848e/78aca965-84f8-42d7-b9fe-25b92174f61a/IMG_9019.jpg]
[images.squarespace-cdn.com/content/v1/61c90f76ff5f802020e2848e/922df08c-126d-4fe1-9626-3972aa99440a/IMG_9902.jpg]
[images.squarespace-cdn.com/content/v1/61c90f76ff5f802020e2848e/bc977d04-af5f-4bb2-ab82-d2443e5817c5/IMG_3508+2.jpg]
[images.squarespace-cdn.com/content/v1/61c90f76ff5f802020e2848e/9a8c42e5-a1a5-4904-9dc3-3259c35c99b1/IMG_6833.jpg]
[images.squarespace-cdn.com/content/v1/61c90f76ff5f802020e2848e/cd4fecc2-6000-4c39-9891-fcd373cc9745/IMG_3542.jpg]
[images.squarespace-cdn.com/content/v1/61c90f76ff5f802020e2848e/f2bf1720-e613-454e-b6ff-5fc565a852fa/IMG_9887.jpg]
[images.squarespace-cdn.com/content/v1/61c90f76ff5f802020e2848e/620da7d0-883c-4c46-9eea-6a7502d94610/IMG_3562.jpg]
[images.squarespace-cdn.com/content/v1/61c90f76ff5f802020e2848e/5458f665-139a-4080-94e3-eff32cbeec0c/IMG_7200+2.jpg]
[images.squarespace-cdn.com/content/v1/61c90f76ff5f802020e2848e/e4c83c3a-37bb-422d-9bd3-a760cfdee762/IMG_9995.jpg]
[images.squarespace-cdn.com/content/v1/61c90f76ff5f802020e2848e/756699cb-fff8-49bd-af7a-72d193400ea4/IMG_9888.jpg]
[images.squarespace-cdn.com/content/v1/61c90f76ff5f802020e2848e/671d8160-41e5-477f-84f0-71fd3689994a/IMG_0432.jpg]
[images.squarespace-cdn.com/content/v1/61c90f76ff5f802020e2848e/cd46017b-deaa-4e32-983e-1f24539e5851/IMG_8852.jpg]
[images.squarespace-cdn.com/content/v1/61c90f76ff5f802020e2848e/196c984f-8dee-4bc5-8c1a-87af3dbeee47/IMG_8851.jpg]
[images.squarespace-cdn.com/content/v1/61c90f76ff5f802020e2848e/32970d39-2f17-4568-9028-c15dec8c007c/IMG_4501.jpg]
[images.squarespace-cdn.com/content/v1/61c90f76ff5f802020e2848e/e462fd4b-598c-4110-a320-c091db487e4f/IMG_8845.jpg]
[www.capturedimagess.com/portfolio/portraits.html]
[images.squarespace-cdn.com/content/61c90f76ff5f802020e2848e/1640718883626-EZ6AJ6B61MOG8BM6ASBG/IMG_085743a3.jpg]
[images.squarespace-cdn.com/content/v1/61c90f76ff5f802020e2848e/30129973-a8a3-42ad-a1b1-0c77f92091ee/2A9784CD-F6BA-4B7C-A2B5-D01ED38B72C8.jpg]
[images.squarespace-cdn.com/content/v1/61c90f76ff5f802020e2848e/ba442fc6-7585-4d27-a32e-de702b8e1e5d/IMG_0847.jpg]
[images.squarespace-cdn.com/content/v1/61c90f76ff5f802020e2848e/fe25ee5c-ab05-43c9-b031-b6e9c3ac1354/IMG_0849.jpg]
[images.squarespace-cdn.com/content/v1/61c90f76ff5f802020e2848e/979a6f88-9deb-4278-9075-0452c2d80746/IMG_0857.jpg]
[images.squarespace-cdn.com/content/v1/61c90f76ff5f802020e2848e/b5b13e79-22f9-4bc1-a558-d52593296934/IMG_1115.jpg]
[images.squarespace-cdn.com/content/v1/61c90f76ff5f802020e2848e/a1bb702d-72ef-4f0d-97f8-fbd4ae7c17b6/IMG_2483.jpg]
[images.squarespace-cdn.com/content/v1/61c90f76ff5f802020e2848e/948d241b-e947-4628-b46a-373028569588/IMG_3304.jpg]
[images.squarespace-cdn.com/content/v1/61c90f76ff5f802020e2848e/1e8e46a0-f976-4dbc-8719-aed8105c5f22/5E4A5072.jpg]
[images.squarespace-cdn.com/content/v1/61c90f76ff5f802020e2848e/030fc209-3822-43b6-b4f2-65c20202389b/5E4A5077.jpg]
[images.squarespace-cdn.com/content/v1/61c90f76ff5f802020e2848e/37b07ed0-01d6-42bc-a94c-6038996d98a6/5E4A5135.jpg]
[images.squarespace-cdn.com/content/v1/61c90f76ff5f802020e2848e/284a27e8-5f06-48c8-a768-a1fa278a6b22/5E4A5141.jpg]
[images.squarespace-cdn.com/content/v1/61c90f76ff5f802020e2848e/30163b06-24bf-4298-9c80-89504c8e3349/5E4A5156.jpg]
[images.squarespace-cdn.com/content/v1/61c90f76ff5f802020e2848e/f498c7f7-6ba0-48f5-ba0f-7e3f5b7f02e0/IMG_0322.jpg]
[images.squarespace-cdn.com/content/v1/61c90f76ff5f802020e2848e/98632d7a-1e2e-4b9e-bf62-0f9e8dfc70b0/IMG_0350.jpg]
[images.squarespace-cdn.com/content/v1/61c90f76ff5f802020e2848e/bc20ebcc-517b-4c13-8d91-37f26533e8e6/IMG_0375.jpg]
[images.squarespace-cdn.com/content/v1/61c90f76ff5f802020e2848e/a913e70e-b4b2-40ca-9e96-532c7966c319/IMG_4627.jpg]
[images.squarespace-cdn.com/content/v1/61c90f76ff5f802020e2848e/53f0b6c4-ce04-4b09-b28b-a6c4e8c1ee76/IMG_4623.jpg]
[www.capturedimagess.com/portfolio/soccer.html]
[images.squarespace-cdn.com/content/61c90f76ff5f802020e2848e/1647210322795-G6NDC15FH7263RLXWXV4/A31A013043a3.jpg]
[images.squarespace-cdn.com/content/v1/61c90f76ff5f802020e2848e/5a8513cc-f803-436e-a92f-5b57d50a634c/A31A0073.jpg]
[images.squarespace-cdn.com/content/v1/61c90f76ff5f802020e2848e/e02a5aac-f181-40df-9c43-7e1bb4a2ca8d/A31A0162.jpg]
[images.squarespace-cdn.com/content/v1/61c90f76ff5f802020e2848e/cc8b64eb-fc81-4e13-b044-9f89970ea6f7/A31A0130.jpg]
[images.squarespace-cdn.com/content/v1/61c90f76ff5f802020e2848e/35e6f40d-1d95-43c3-b295-1ca7a455b24c/A31A0191.jpg]
[images.squarespace-cdn.com/content/v1/61c90f76ff5f802020e2848e/ce2551db-03ad-4adb-8f69-075c53eb2bbe/A31A0455.jpg]
[images.squarespace-cdn.com/content/v1/61c90f76ff5f802020e2848e/db33c993-1359-4ad4-8beb-9df2518e3bde/A31A0193.jpg]
[images.squarespace-cdn.com/content/v1/61c90f76ff5f802020e2848e/f22a97d5-9767-4448-aa6c-e5bb4fe8f379/A31A0227.jpg]
[images.squarespace-cdn.com/content/v1/61c90f76ff5f802020e2848e/45ab6620-f180-4866-9210-54ad40b5c3f3/A31A0237.jpg]
[images.squarespace-cdn.com/content/v1/61c90f76ff5f802020e2848e/db65a4a7-c0c3-4df3-9bbe-98edfc8d9b05/A31A0241.jpg]
[images.squarespace-cdn.com/content/v1/61c90f76ff5f802020e2848e/09c388a1-0975-4546-b90f-ac7b03444154/A31A0251.jpg]
[images.squarespace-cdn.com/content/v1/61c90f76ff5f802020e2848e/12a17452-3230-46ed-9e5f-46785f4aa92d/A31A0256.jpg]
[images.squarespace-cdn.com/content/v1/61c90f76ff5f802020e2848e/543d8dc7-16ac-4779-9fae-5c0d893606c2/A31A0298.jpg]
[images.squarespace-cdn.com/content/v1/61c90f76ff5f802020e2848e/8fdd68e6-105e-4dc0-ba21-4c24b3728d0a/A31A0321.jpg]
[images.squarespace-cdn.com/content/v1/61c90f76ff5f802020e2848e/f85701a3-4bd6-446c-8453-f5b57dd428ee/A31A0377.jpg]
[images.squarespace-cdn.com/content/v1/61c90f76ff5f802020e2848e/fbba2774-0d85-4a03-9431-5e3a2a2ba948/A31A0412.jpg]
[images.squarespace-cdn.com/content/v1/61c90f76ff5f802020e2848e/c3b89362-ec73-4b9d-8317-a249b11babf6/A31A0452.jpg]
[images.squarespace-cdn.com/content/v1/61c90f76ff5f802020e2848e/a13f74b5-f3ec-40cc-872d-7a441e5a1900/IMG_2901.jpg]
[images.squarespace-cdn.com/content/v1/61c90f76ff5f802020e2848e/1afd3c8d-9ae5-4c4c-924c-02a75528b669/IMG_2899.jpg]
[images.squarespace-cdn.com/content/v1/61c90f76ff5f802020e2848e/31552a7d-fc42-4c5a-acd0-c513877f148d/IMG_2893.jpg]
[images.squarespace-cdn.com/content/v1/61c90f76ff5f802020e2848e/479e059d-e700-42c2-accf-1401228fa730/IMG_2892.jpg]
[images.squarespace-cdn.com/content/v1/61c90f76ff5f802020e2848e/49cc7aae-2887-4616-a46b-76ab5ae974ea/IMG_2884.jpg]
[images.squarespace-cdn.com/content/v1/61c90f76ff5f802020e2848e/d2d2a177-bed0-4fa3-aaad-9b0ecb625942/IMG_2815.jpg]
[images.squarespace-cdn.com/content/v1/61c90f76ff5f802020e2848e/3c4b7ce4-a275-4e37-aebf-4de6f1232f7a/IMG_2812.jpg]
[www.capturedimagess.com/portfolio/baseball.html]
[images.squarespace-cdn.com/content/61c90f76ff5f802020e2848e/1650671163882-DS70EM3ZYFTZ9RHIAET8/IMG_307443a3.jpg]
[images.squarespace-cdn.com/content/v1/61c90f76ff5f802020e2848e/98ea55ac-f5df-42c8-aa64-e8586a82f180/IMG_3135.jpg]
[images.squarespace-cdn.com/content/v1/61c90f76ff5f802020e2848e/edea85aa-73e9-41fe-9891-2a5f57960a09/IMG_3090.jpg]
[images.squarespace-cdn.com/content/v1/61c90f76ff5f802020e2848e/3ab861b0-d8b9-4baf-a1f3-3a343901e6d5/IMG_3087.jpg]
[images.squarespace-cdn.com/content/v1/61c90f76ff5f802020e2848e/b4af380d-cec2-4701-b58c-6577468fb8cb/IMG_3084.jpg]
[images.squarespace-cdn.com/content/v1/61c90f76ff5f802020e2848e/48abd013-5c55-4c86-9e4d-b2e665c6adaf/IMG_3074.jpg]
[images.squarespace-cdn.com/content/v1/61c90f76ff5f802020e2848e/fb073569-20e9-4e61-a1af-5089642250af/IMG_3040.jpg]
[images.squarespace-cdn.com/content/v1/61c90f76ff5f802020e2848e/eac5b6b2-a5a7-44ab-a6a9-fc3ddc4e8f07/IMG_2997.jpg]
[images.squarespace-cdn.com/content/v1/61c90f76ff5f802020e2848e/ca27535e-701b-48ca-9a74-43291de5e2f9/IMG_3101.jpg]
[images.squarespace-cdn.com/content/v1/61c90f76ff5f802020e2848e/d25c4676-5834-4b20-b9ea-2f38a6cd0427/IMG_3128.jpg]
[images.squarespace-cdn.com/content/v1/61c90f76ff5f802020e2848e/ee91e751-23cf-4d9f-b6cb-16a71f90604d/IMG_3126.jpg]
[images.squarespace-cdn.com/content/v1/61c90f76ff5f802020e2848e/9ce50aca-a80d-4aaf-8da1-3366df8e4f7b/IMG_3190.jpg]
[images.squarespace-cdn.com/content/v1/61c90f76ff5f802020e2848e/3c734164-a245-4382-81c5-9b4f844e7033/IMG_3163.jpg]
[images.squarespace-cdn.com/content/v1/61c90f76ff5f802020e2848e/b0e1c051-8b71-4780-8298-581a0a71b4e6/IMG_3016.jpg]
[images.squarespace-cdn.com/content/v1/61c90f76ff5f802020e2848e/d3f2a819-ff64-4e06-8271-8a90eb89c6f5/IMG_3010.jpg]
[www.capturedimagess.com/portfolio/religious.html]
[images.squarespace-cdn.com/content/61c90f76ff5f802020e2848e/1653694124651-9XBX3ODOO6VLFZXC4J93/83F6D5C4-F885-4448-BE65-0FC809B14D21ee8a.jpg]
[images.squarespace-cdn.com/content/v1/61c90f76ff5f802020e2848e/8d3b7d6f-4e47-45ee-9995-7c1659362fe2/IMG_5756.jpg]
[images.squarespace-cdn.com/content/v1/61c90f76ff5f802020e2848e/217b8bc8-08ee-4e52-a900-c95bd436e30c/IMG_9138.jpg]
[images.squarespace-cdn.com/content/v1/61c90f76ff5f802020e2848e/65f88e3a-a156-4e9f-acbd-3cf6cb8d5af2/IMG_5849.jpg]
[images.squarespace-cdn.com/content/v1/61c90f76ff5f802020e2848e/25473e29-e7a8-47b8-b87a-872e804b4437/IMG_5755.jpg]
[images.squarespace-cdn.com/content/v1/61c90f76ff5f802020e2848e/26aa0b78-2764-4ce8-992c-d357fa34225f/IMG_8832.jpg]
[images.squarespace-cdn.com/content/v1/61c90f76ff5f802020e2848e/18fbb30d-9809-4990-9aa1-fda454e2ff5f/IMG_5867.jpg]
[images.squarespace-cdn.com/content/v1/61c90f76ff5f802020e2848e/d586d972-0760-47fa-ba7f-4ccfeb4e3493/IMG_5913.jpg]
[images.squarespace-cdn.com/content/v1/61c90f76ff5f802020e2848e/1fca0110-f9fa-41a4-a1ee-8b476206295b/IMG_8787.jpg]
[images.squarespace-cdn.com/content/v1/61c90f76ff5f802020e2848e/5bcfc91b-08c6-405e-acad-9a0c181e0f75/IMG_5978.jpg]
[images.squarespace-cdn.com/content/v1/61c90f76ff5f802020e2848e/5e05db3e-4a52-4ce7-b5f0-37c42d79e2f2/IMG_5999.jpg]
[images.squarespace-cdn.com/content/v1/61c90f76ff5f802020e2848e/ce3c3180-7927-4c41-a236-9b8e6b2a2130/IMG_5984.jpg]
[images.squarespace-cdn.com/content/v1/61c90f76ff5f802020e2848e/98f6bc6b-2e83-4270-9bb2-a64df282a0c2/IMG_5998.jpg]
[images.squarespace-cdn.com/content/v1/61c90f76ff5f802020e2848e/b2458fb9-3552-4389-9ae7-18a5114cb891/IMG_5800.jpg]
[images.squarespace-cdn.com/content/v1/61c90f76ff5f802020e2848e/dfc8fc22-0d94-44d0-b7f9-5177c10069ba/IMG_5982.jpg]
[images.squarespace-cdn.com/content/v1/61c90f76ff5f802020e2848e/61d051c1-4b34-4e75-bd90-246033cdeb66/IMG_5976.jpg]
[images.squarespace-cdn.com/content/v1/61c90f76ff5f802020e2848e/3ee2a7b0-2677-4960-988f-969b8ebb7c76/IMG_5972.jpg]
[images.squarespace-cdn.com/content/v1/61c90f76ff5f802020e2848e/ec4b81fa-f2c3-4904-8a2e-e10e01be79cb/IMG_5973.jpg]
[images.squarespace-cdn.com/content/v1/61c90f76ff5f802020e2848e/49dede70-8dc3-4157-982f-823ff77d4aa9/IMG_5940.jpg]
[images.squarespace-cdn.com/content/v1/61c90f76ff5f802020e2848e/0387d6d0-faf3-4cad-907a-750472d6b31e/IMG_5915.jpg]
[images.squarespace-cdn.com/content/v1/61c90f76ff5f802020e2848e/80bc509b-7b1d-48d7-b192-fd4014a9c3d3/IMG_5902.jpg]
[images.squarespace-cdn.com/content/v1/61c90f76ff5f802020e2848e/d75a2c79-7716-4f6c-ada3-f0fbdf6efd45/IMG_5896.jpg]
[images.squarespace-cdn.com/content/v1/61c90f76ff5f802020e2848e/ae527cbb-20c8-4aa1-b1f5-022fff01def7/IMG_5884.jpg]
[images.squarespace-cdn.com/content/v1/61c90f76ff5f802020e2848e/2b2e79ea-9e3e-40d8-b6b1-7f52b387eb5d/IMG_5876.jpg]
[images.squarespace-cdn.com/content/v1/61c90f76ff5f802020e2848e/ed588522-6ec5-4534-9a96-287e5166aa2c/IMG_5858.jpg]
[images.squarespace-cdn.com/content/v1/61c90f76ff5f802020e2848e/d5e4d1d3-67dc-492f-b6fa-69e69420ee97/IMG_5855.jpg]
[images.squarespace-cdn.com/content/v1/61c90f76ff5f802020e2848e/f28ab995-4109-47e9-9468-e83bce366b67/IMG_5850.jpg]
[images.squarespace-cdn.com/content/v1/61c90f76ff5f802020e2848e/271029ee-ea61-49d7-b1f5-87d2e9219734/IMG_5782.jpg]
[images.squarespace-cdn.com/content/v1/61c90f76ff5f802020e2848e/ee66ca9d-af73-4a89-a5e9-3fdde83275dc/IMG_5777.jpg]
[images.squarespace-cdn.com/content/v1/61c90f76ff5f802020e2848e/14c84b0e-c4b8-4a6c-bc59-0ba4ec6d4a06/IMG_5783.jpg]
[images.squarespace-cdn.com/content/v1/61c90f76ff5f802020e2848e/c20d3058-7df5-4e57-9059-003111e1fb68/IMG_5845.jpg]
[images.squarespace-cdn.com/content/v1/61c90f76ff5f802020e2848e/20eec3c0-4240-41e0-9c25-ff65239f8fc6/IMG_5772.jpg]
[images.squarespace-cdn.com/content/v1/61c90f76ff5f802020e2848e/8a6af259-a76a-4a49-95b5-9b79fbd1ccce/IMG_5771.jpg]
[images.squarespace-cdn.com/content/v1/61c90f76ff5f802020e2848e/4afeaeb6-86e9-493b-ac90-a47d47aeddf9/IMG_5769.jpg]
[images.squarespace-cdn.com/content/v1/61c90f76ff5f802020e2848e/26c3780a-c282-40d4-950e-a8f4dbebed78/IMG_5767.jpg]
[images.squarespace-cdn.com/content/v1/61c90f76ff5f802020e2848e/1abc8c11-3e1d-48e2-b176-100ab0e4f64e/IMG_5765.jpg]
[images.squarespace-cdn.com/content/v1/61c90f76ff5f802020e2848e/6e1586fe-5552-4b55-b1a2-c11515a5d19a/IMG_5761.jpg]
[images.squarespace-cdn.com/content/v1/61c90f76ff5f802020e2848e/ef17060a-9225-42ad-b487-4842953281d5/IMG_5758.jpg]
[images.squarespace-cdn.com/content/v1/61c90f76ff5f802020e2848e/ab965977-43f6-4e19-b5ac-1817adb44500/83F6D5C4-F885-4448-BE65-0FC809B14D21.jpg]
[images.squarespace-cdn.com/content/v1/61c90f76ff5f802020e2848e/3eeea88f-a739-4e05-90cc-43e6271b09dc/IMG_8781.jpg]
[images.squarespace-cdn.com/content/v1/61c90f76ff5f802020e2848e/999df9c4-12ff-476b-9ef3-b2bf2b0e2611/IMG_8788.jpg]
[images.squarespace-cdn.com/content/v1/61c90f76ff5f802020e2848e/f6862a66-9054-43fc-a1e0-a00a8a478c3d/IMG_8795.jpg]
[images.squarespace-cdn.com/content/v1/61c90f76ff5f802020e2848e/767a4c31-4145-4717-a4f9-7c6155466a3c/IMG_8802.jpg]
[images.squarespace-cdn.com/content/v1/61c90f76ff5f802020e2848e/830e25f8-e589-4fc4-9869-8babb6a70044/IMG_8812.jpg]
[images.squarespace-cdn.com/content/v1/61c90f76ff5f802020e2848e/02d9dfd9-4084-4a41-a684-8d5d0798a309/IMG_8814.jpg]
[images.squarespace-cdn.com/content/v1/61c90f76ff5f802020e2848e/9c00ee91-d8db-4973-85db-f4edbefaf7ed/IMG_8819.jpg]
[images.squarespace-cdn.com/content/v1/61c90f76ff5f802020e2848e/c426faef-21b6-4ee4-b154-2096220c4bc3/IMG_8821.jpg]
[images.squarespace-cdn.com/content/v1/61c90f76ff5f802020e2848e/6689e318-4eb0-41b3-82c5-791afdd4701c/IMG_8840.jpg]
[images.squarespace-cdn.com/content/v1/61c90f76ff5f802020e2848e/17111ebe-9be3-4a84-aa8d-4ddbe43e7f7c/IMG_8854.jpg]
[images.squarespace-cdn.com/content/v1/61c90f76ff5f802020e2848e/4de2c55d-03b7-41d4-ba7f-b4c0635c8545/IMG_8860.jpg]
[images.squarespace-cdn.com/content/v1/61c90f76ff5f802020e2848e/34c20f26-4f17-4072-9233-eea4d3223db1/IMG_8861.jpg]
[images.squarespace-cdn.com/content/v1/61c90f76ff5f802020e2848e/1e1daf85-934c-4d58-95e5-91a4d10cf16c/IMG_8862.jpg]
[images.squarespace-cdn.com/content/v1/61c90f76ff5f802020e2848e/192ed549-e016-47af-bf1f-ac5cd9be235b/IMG_8879.jpg]
[images.squarespace-cdn.com/content/v1/61c90f76ff5f802020e2848e/d58a2eb1-a2b0-43f4-a2fb-f0132699d45c/IMG_8897.jpg]
[images.squarespace-cdn.com/content/v1/61c90f76ff5f802020e2848e/532984d7-7787-47ea-84c2-17974c39a730/IMG_8909.jpg]
[images.squarespace-cdn.com/content/v1/61c90f76ff5f802020e2848e/e81332d1-d2bf-490e-89ae-38d570cac954/IMG_8926.jpg]
[images.squarespace-cdn.com/content/v1/61c90f76ff5f802020e2848e/24efe715-33ae-42d5-8a41-2640e0e85012/IMG_8932.jpg]
[images.squarespace-cdn.com/content/v1/61c90f76ff5f802020e2848e/ad6ae495-85c4-47d7-ac49-7a33cf4e485a/IMG_8934.jpg]
[images.squarespace-cdn.com/content/v1/61c90f76ff5f802020e2848e/a66126b0-4064-4a70-804b-59e947242550/IMG_8942.jpg]
[images.squarespace-cdn.com/content/v1/61c90f76ff5f802020e2848e/f749f263-83ff-4d76-9043-6c7a15c3a2af/IMG_8993.jpg]
[images.squarespace-cdn.com/content/v1/61c90f76ff5f802020e2848e/a2f63d0e-9292-4ec8-8b74-18aaf4390e78/IMG_9014.jpg]
[images.squarespace-cdn.com/content/v1/61c90f76ff5f802020e2848e/313c64b3-5f61-4173-86ba-c17d01d818eb/IMG_9056.jpg]
[images.squarespace-cdn.com/content/v1/61c90f76ff5f802020e2848e/7bf40de5-71bf-43a9-8fa0-868a9ce86497/IMG_9065.jpg]
[images.squarespace-cdn.com/content/v1/61c90f76ff5f802020e2848e/d7c4712c-848e-4f84-bd1b-4ee367fb167a/IMG_9073.jpg]
[images.squarespace-cdn.com/content/v1/61c90f76ff5f802020e2848e/8a38cb34-a624-42a6-9293-b8023ad916a8/IMG_9090.jpg]
[images.squarespace-cdn.com/content/v1/61c90f76ff5f802020e2848e/5f95e072-6708-4113-b75a-48188acae207/IMG_9126.jpg]
[images.squarespace-cdn.com/content/v1/61c90f76ff5f802020e2848e/25680a2e-bc02-4d80-9b34-4d95f89b1540/IMG_9139.jpg]
[images.squarespace-cdn.com/content/v1/61c90f76ff5f802020e2848e/e225aaf9-0ba9-44ec-9691-1f3aee468742/IMG_9163.jpg]
[images.squarespace-cdn.com/content/v1/61c90f76ff5f802020e2848e/d74c89f7-1d2d-47c5-bd39-13735adb20be/IMG_9165.jpg]
[images.squarespace-cdn.com/content/v1/61c90f76ff5f802020e2848e/5d6c9a68-9f34-41d3-8341-f298002ca01d/IMG_9168.jpg]
[images.squarespace-cdn.com/content/v1/61c90f76ff5f802020e2848e/3345ccd2-f56c-4000-b2b7-1d757f13d09f/IMG_9198.jpg]
[images.squarespace-cdn.com/content/v1/61c90f76ff5f802020e2848e/e9ce4f28-e19d-4193-88d5-3f2a41d8e357/IMG_9202.jpg]
[images.squarespace-cdn.com/content/v1/61c90f76ff5f802020e2848e/36acdb60-f9b0-42f1-9aef-7ee0cdb72a6c/IMG_9237.jpg]
[images.squarespace-cdn.com/content/v1/61c90f76ff5f802020e2848e/998ae4dd-c23c-4cfe-b3e5-116259a90b3d/IMG_9595.jpg]
[images.squarespace-cdn.com/content/v1/61c90f76ff5f802020e2848e/046e31f7-dbba-45a2-8581-6a717cf021d7/IMG_9596.jpg]
[images.squarespace-cdn.com/content/v1/61c90f76ff5f802020e2848e/ec46b37f-d4b9-4fb6-9125-05897fefba49/IMG_9597.jpg]
[images.squarespace-cdn.com/content/v1/61c90f76ff5f802020e2848e/b6e95cf1-a441-400d-8eb5-d2d59a6a3eeb/IMG_9603.jpg]
[images.squarespace-cdn.com/content/v1/61c90f76ff5f802020e2848e/61b691e8-a242-4914-bb9e-e2b1b67ca9da/IMG_9616.jpg]
[images.squarespace-cdn.com/content/v1/61c90f76ff5f802020e2848e/6ac9b48d-36a6-4716-a467-0cf2479622b9/IMG_0404.jpg]
[images.squarespace-cdn.com/content/v1/61c90f76ff5f802020e2848e/462fca43-63c2-44d2-b5c5-9dcbb2fce251/IMG_0479.jpg]
[images.squarespace-cdn.com/content/v1/61c90f76ff5f802020e2848e/ae8a3a80-3cb5-4197-847f-14cb6d3b647b/IMG_0483.jpg]
[images.squarespace-cdn.com/content/v1/61c90f76ff5f802020e2848e/a90b3ab1-c9ef-4c56-8215-18f878cff411/IMG_0947.jpg]
[images.squarespace-cdn.com/content/v1/61c90f76ff5f802020e2848e/7e8a49f7-54c1-46bd-8a6a-1b493b52867e/IMG_0932.jpg]
[images.squarespace-cdn.com/content/v1/61c90f76ff5f802020e2848e/c38d9033-3ba2-4cfb-af20-caf2b690bc73/IMG_0952.jpg]
[images.squarespace-cdn.com/content/v1/61c90f76ff5f802020e2848e/4ed098b4-31e9-4c06-a80e-9b2936bb3b95/IMG_6819.jpg]
[images.squarespace-cdn.com/content/v1/61c90f76ff5f802020e2848e/2fb86f7f-30b8-4547-9639-3831af802590/IMG_6853-2.jpg]
[images.squarespace-cdn.com/content/v1/61c90f76ff5f802020e2848e/9ecae870-31ed-426a-88bf-4e3427cfab0a/IMG_6873.jpg]
[images.squarespace-cdn.com/content/v1/61c90f76ff5f802020e2848e/8d090479-c5b3-426e-83ac-66085a939ed8/IMG_6900.jpg]
[images.squarespace-cdn.com/content/v1/61c90f76ff5f802020e2848e/1a7cf28e-4f65-477c-bea3-05c223baa9d2/IMG_6951.jpg]
[images.squarespace-cdn.com/content/v1/61c90f76ff5f802020e2848e/cc496495-a254-4e13-947f-db1ef288bd26/IMG_7730.jpg]
[images.squarespace-cdn.com/content/v1/61c90f76ff5f802020e2848e/b0a23ce7-5720-4bdf-b97b-5141a48ad50f/IMG_6971.jpg]
[images.squarespace-cdn.com/content/v1/61c90f76ff5f802020e2848e/d4c7b240-209b-4113-ab5c-62a1811bcd2f/IMG_6982.jpg]
[images.squarespace-cdn.com/content/v1/61c90f76ff5f802020e2848e/1c19f123-222b-48f8-8744-4a670b3adac3/IMG_7007.jpg]
[images.squarespace-cdn.com/content/v1/61c90f76ff5f802020e2848e/df9ae1d7-f922-4f13-902b-864cc45371ec/IMG_6996.jpg]
[images.squarespace-cdn.com/content/v1/61c90f76ff5f802020e2848e/cac58909-c829-472e-a56a-5f8e21e1bf5b/IMG_2680.jpg]
[images.squarespace-cdn.com/content/v1/61c90f76ff5f802020e2848e/b1ca0893-1d4d-40a6-9490-d3749bc74b62/IMG_2796.jpg]
[images.squarespace-cdn.com/content/v1/61c90f76ff5f802020e2848e/39ece44b-17b3-4524-9236-e4bc1ead4a9e/IMG_2798.jpg]
[www.capturedimagess.com/portfolio/special-events.html]
[images.squarespace-cdn.com/content/61c90f76ff5f802020e2848e/1713230757375-NRMVZPTONLMUSZKQ5JMI/IMG_910543a3.jpg]
[images.squarespace-cdn.com/content/v1/61c90f76ff5f802020e2848e/8b59b37a-c02a-4b2d-956b-591d098be3a9/IMG_9113.jpg]
[images.squarespace-cdn.com/content/v1/61c90f76ff5f802020e2848e/046ec727-384a-4702-8e84-6925928baadc/IMG_9105.jpg]
[images.squarespace-cdn.com/content/v1/61c90f76ff5f802020e2848e/37477c2b-8f5a-4c8d-a1c6-9bab51d99617/IMG_9103.jpg]
[images.squarespace-cdn.com/content/v1/61c90f76ff5f802020e2848e/406454ff-a557-49d1-a5cc-aed3a969b052/IMG_9100.jpg]
[images.squarespace-cdn.com/content/v1/61c90f76ff5f802020e2848e/b6abac06-e79a-46a7-8464-d18f1646f9eb/IMG_9099.jpg]
[images.squarespace-cdn.com/content/v1/61c90f76ff5f802020e2848e/ffd5ba9b-a33a-48ef-994f-f4f3babc2988/IMG_9138.jpg]
[images.squarespace-cdn.com/content/v1/61c90f76ff5f802020e2848e/e358f16d-ed64-4966-99d5-ccb3c28e0438/IMG_9139.jpg]
[images.squarespace-cdn.com/content/v1/61c90f76ff5f802020e2848e/e180979b-5afd-40f3-9ea2-0f86a50fed7e/IMG_9146.jpg]
[images.squarespace-cdn.com/content/v1/61c90f76ff5f802020e2848e/d52cf0b4-0257-41ce-9068-915f7ef10bbd/IMG_9133.jpg]
[images.squarespace-cdn.com/content/v1/61c90f76ff5f802020e2848e/93ccc34a-af27-449e-a9fc-82307a25472b/IMG_6091.jpg]
[images.squarespace-cdn.com/content/v1/61c90f76ff5f802020e2848e/f13ab11d-55ab-45ed-b2fd-50b4ff097155/IMG_5851.jpg]
[images.squarespace-cdn.com/content/v1/61c90f76ff5f802020e2848e/5d68fb0d-eb01-4ae1-8235-8bf9fbb71a26/IMG_5868.jpg]
[images.squarespace-cdn.com/content/v1/61c90f76ff5f802020e2848e/6e1f0e21-3e39-4d1f-a3cc-62d7e428fa72/IMG_5860.jpg]
[images.squarespace-cdn.com/content/v1/61c90f76ff5f802020e2848e/8115d7a5-e860-4bd4-a8cf-bc44b99b1859/IMG_5867+2.jpg]
[images.squarespace-cdn.com/content/v1/61c90f76ff5f802020e2848e/4aa865b0-9701-4e01-9f57-4e6f6a9a678b/IMG_5872.jpg]
[images.squarespace-cdn.com/content/v1/61c90f76ff5f802020e2848e/b1fba79b-9af2-4a33-b81a-a1b79371b7ae/IMG_5882.jpg]
[www.capturedimagess.com/portfolio/studio.html]
